ErrorErrorErrorErrorErrorErrorErrorErrorErrorErrorErrorErrorErrorErrorErrorErrorErrorErrorErrorErrorErrorErrorErrorErrorErrorErrorErrorErrorErrorErrorErrorErrorErrorErrorErrorErrorErrorErrorErrorErrorErrorErrorErrorErrorErrorErrorErrorErrorErrorErrorErrorErrorErrorErrorErrorErrorErrorErrorErrorErrorErrorErrorErrorErrorErrorErrorErrorError
    at parseLog (C:\Users\young hwa park\Desktop\yhp\source\filelive_development_stage\filelive_5.0.0\filelive_4.0-master\monitoring\solRTMP_filelive_monitoring.js:636:15)
    at main (C:\Users\young hwa park\Desktop\yhp\source\filelive_development_stage\filelive_5.0.0\filelive_4.0-master\monitoring\solRTMP_filelive_monitoring.js:1509:27)
    at Object.<anonymous> (C:\Users\young hwa park\Desktop\yhp\source\filelive_development_stage\filelive_5.0.0\filelive_4.0-master\monitoring\solRTMP_filelive_monitoring.js:1532:1)
    at Module._compile (node:internal/modules/cjs/loader:1101:14)
    at Object.Module._extensions..js (node:internal/modules/cjs/loader:1153:10)
    at Module.load (node:internal/modules/cjs/loader:981:32)
    at Function.Module._load (node:internal/modules/cjs/loader:822:12)
    at Function.executeUserEntryPoint [as runMain] (node:internal/modules/run_main:81:12)
    at node:internal/main/run_main_module:17:47Error
    at parseLog (C:\Users\young hwa park\Desktop\yhp\source\filelive_development_stage\filelive_5.0.0\filelive_4.0-master\monitoring\solRTMP_filelive_monitoring.js:636:15)
    at Timeout.main [as _onTimeout] (C:\Users\young hwa park\Desktop\yhp\source\filelive_development_stage\filelive_5.0.0\filelive_4.0-master\monitoring\solRTMP_filelive_monitoring.js:1509:27)
    at listOnTimeout (node:internal/timers:557:17)
    at processTimers (node:internal/timers:500:7)Error
    at parseLog (C:\Users\young hwa park\Desktop\yhp\source\filelive_development_stage\filelive_5.0.0\filelive_4.0-master\monitoring\solRTMP_filelive_monitoring.js:636:15)
    at Timeout.main [as _onTimeout] (C:\Users\young hwa park\Desktop\yhp\source\filelive_development_stage\filelive_5.0.0\filelive_4.0-master\monitoring\solRTMP_filelive_monitoring.js:1509:27)
    at listOnTimeout (node:internal/timers:557:17)
    at processTimers (node:internal/timers:500:7)Error
    at parseLog (C:\Users\young hwa park\Desktop\yhp\source\filelive_development_stage\filelive_5.0.0\filelive_4.0-master\monitoring\solRTMP_filelive_monitoring.js:636:15)
    at Timeout.main [as _onTimeout] (C:\Users\young hwa park\Desktop\yhp\source\filelive_development_stage\filelive_5.0.0\filelive_4.0-master\monitoring\solRTMP_filelive_monitoring.js:1509:27)
    at listOnTimeout (node:internal/timers:557:17)
    at processTimers (node:internal/timers:500:7)Error
    at parseLog (C:\Users\young hwa park\Desktop\yhp\source\filelive_development_stage\filelive_5.0.0\filelive_4.0-master\monitoring\solRTMP_filelive_monitoring.js:636:15)
    at Timeout.main [as _onTimeout] (C:\Users\young hwa park\Desktop\yhp\source\filelive_development_stage\filelive_5.0.0\filelive_4.0-master\monitoring\solRTMP_filelive_monitoring.js:1509:27)
    at listOnTimeout (node:internal/timers:557:17)
    at processTimers (node:internal/timers:500:7)Error
    at parseLog (C:\Users\young hwa park\Desktop\yhp\source\filelive_development_stage\filelive_5.0.0\filelive_4.0-master\monitoring\solRTMP_filelive_monitoring.js:636:15)
    at Timeout.main [as _onTimeout] (C:\Users\young hwa park\Desktop\yhp\source\filelive_development_stage\filelive_5.0.0\filelive_4.0-master\monitoring\solRTMP_filelive_monitoring.js:1509:27)
    at listOnTimeout (node:internal/timers:557:17)
    at processTimers (node:internal/timers:500:7)Error
    at parseLog (C:\Users\young hwa park\Desktop\yhp\source\filelive_development_stage\filelive_5.0.0\filelive_4.0-master\monitoring\solRTMP_filelive_monitoring.js:636:15)
    at Timeout.main [as _onTimeout] (C:\Users\young hwa park\Desktop\yhp\source\filelive_development_stage\filelive_5.0.0\filelive_4.0-master\monitoring\solRTMP_filelive_monitoring.js:1509:27)
    at listOnTimeout (node:internal/timers:557:17)
    at processTimers (node:internal/timers:500:7)Error
    at parseLog (C:\Users\young hwa park\Desktop\yhp\source\filelive_development_stage\filelive_5.0.0\filelive_4.0-master\monitoring\solRTMP_filelive_monitoring.js:636:15)
    at Timeout.main [as _onTimeout] (C:\Users\young hwa park\Desktop\yhp\source\filelive_development_stage\filelive_5.0.0\filelive_4.0-master\monitoring\solRTMP_filelive_monitoring.js:1509:27)
    at listOnTimeout (node:internal/timers:557:17)
    at processTimers (node:internal/timers:500:7)Error
    at parseLog (C:\Users\young hwa park\Desktop\yhp\source\filelive_development_stage\filelive_5.0.0\filelive_4.0-master\monitoring\solRTMP_filelive_monitoring.js:636:15)
    at Timeout.main [as _onTimeout] (C:\Users\young hwa park\Desktop\yhp\source\filelive_development_stage\filelive_5.0.0\filelive_4.0-master\monitoring\solRTMP_filelive_monitoring.js:1509:27)
    at listOnTimeout (node:internal/timers:557:17)
    at processTimers (node:internal/timers:500:7)Error
    at parseLog (C:\Users\young hwa park\Desktop\yhp\source\filelive_development_stage\filelive_5.0.0\filelive_4.0-master\monitoring\solRTMP_filelive_monitoring.js:636:15)
    at Timeout.main [as _onTimeout] (C:\Users\young hwa park\Desktop\yhp\source\filelive_development_stage\filelive_5.0.0\filelive_4.0-master\monitoring\solRTMP_filelive_monitoring.js:1509:27)
    at listOnTimeout (node:internal/timers:557:17)
    at processTimers (node:internal/timers:500:7)Error
    at parseLog (C:\Users\young hwa park\Desktop\yhp\source\filelive_development_stage\filelive_5.0.0\filelive_4.0-master\monitoring\solRTMP_filelive_monitoring.js:636:15)
    at Timeout.main [as _onTimeout] (C:\Users\young hwa park\Desktop\yhp\source\filelive_development_stage\filelive_5.0.0\filelive_4.0-master\monitoring\solRTMP_filelive_monitoring.js:1509:27)
    at listOnTimeout (node:internal/timers:557:17)
    at processTimers (node:internal/timers:500:7)Error
    at parseLog (C:\Users\young hwa park\Desktop\yhp\source\filelive_development_stage\filelive_5.0.0\filelive_4.0-master\monitoring\solRTMP_filelive_monitoring.js:636:15)
    at Timeout.main [as _onTimeout] (C:\Users\young hwa park\Desktop\yhp\source\filelive_development_stage\filelive_5.0.0\filelive_4.0-master\monitoring\solRTMP_filelive_monitoring.js:1509:27)
    at listOnTimeout (node:internal/timers:557:17)
    at processTimers (node:internal/timers:500:7)Error
    at parseLog (C:\Users\young hwa park\Desktop\yhp\source\filelive_development_stage\filelive_5.0.0\filelive_4.0-master\monitoring\solRTMP_filelive_monitoring.js:636:15)
    at Timeout.main [as _onTimeout] (C:\Users\young hwa park\Desktop\yhp\source\filelive_development_stage\filelive_5.0.0\filelive_4.0-master\monitoring\solRTMP_filelive_monitoring.js:1509:27)
    at listOnTimeout (node:internal/timers:557:17)
    at processTimers (node:internal/timers:500:7)Error
    at parseLog (C:\Users\young hwa park\Desktop\yhp\source\filelive_development_stage\filelive_5.0.0\filelive_4.0-master\monitoring\solRTMP_filelive_monitoring.js:636:15)
    at Timeout.main [as _onTimeout] (C:\Users\young hwa park\Desktop\yhp\source\filelive_development_stage\filelive_5.0.0\filelive_4.0-master\monitoring\solRTMP_filelive_monitoring.js:1509:27)
    at listOnTimeout (node:internal/timers:557:17)
    at processTimers (node:internal/timers:500:7)Error
    at parseLog (C:\Users\young hwa park\Desktop\yhp\source\filelive_development_stage\filelive_5.0.0\filelive_4.0-master\monitoring\solRTMP_filelive_monitoring.js:636:15)
    at Timeout.main [as _onTimeout] (C:\Users\young hwa park\Desktop\yhp\source\filelive_development_stage\filelive_5.0.0\filelive_4.0-master\monitoring\solRTMP_filelive_monitoring.js:1509:27)
    at listOnTimeout (node:internal/timers:557:17)
    at processTimers (node:internal/timers:500:7)Error
    at parseLog (C:\Users\young hwa park\Desktop\yhp\source\filelive_development_stage\filelive_5.0.0\filelive_4.0-master\monitoring\solRTMP_filelive_monitoring.js:636:15)
    at Timeout.main [as _onTimeout] (C:\Users\young hwa park\Desktop\yhp\source\filelive_development_stage\filelive_5.0.0\filelive_4.0-master\monitoring\solRTMP_filelive_monitoring.js:1509:27)
    at listOnTimeout (node:internal/timers:557:17)
    at processTimers (node:internal/timers:500:7)Error
    at parseLog (C:\Users\young hwa park\Desktop\yhp\source\filelive_development_stage\filelive_5.0.0\filelive_4.0-master\monitoring\solRTMP_filelive_monitoring.js:636:15)
    at Timeout.main [as _onTimeout] (C:\Users\young hwa park\Desktop\yhp\source\filelive_development_stage\filelive_5.0.0\filelive_4.0-master\monitoring\solRTMP_filelive_monitoring.js:1509:27)
    at listOnTimeout (node:internal/timers:557:17)
    at processTimers (node:internal/timers:500:7)Error
    at parseLog (C:\Users\young hwa park\Desktop\yhp\source\filelive_development_stage\filelive_5.0.0\filelive_4.0-master\monitoring\solRTMP_filelive_monitoring.js:636:15)
    at Timeout.main [as _onTimeout] (C:\Users\young hwa park\Desktop\yhp\source\filelive_development_stage\filelive_5.0.0\filelive_4.0-master\monitoring\solRTMP_filelive_monitoring.js:1509:27)
    at listOnTimeout (node:internal/timers:557:17)
    at processTimers (node:internal/timers:500:7)Error
    at parseLog (C:\Users\young hwa park\Desktop\yhp\source\filelive_development_stage\filelive_5.0.0\filelive_4.0-master\monitoring\solRTMP_filelive_monitoring.js:636:15)
    at Timeout.main [as _onTimeout] (C:\Users\young hwa park\Desktop\yhp\source\filelive_development_stage\filelive_5.0.0\filelive_4.0-master\monitoring\solRTMP_filelive_monitoring.js:1509:27)
    at listOnTimeout (node:internal/timers:557:17)
    at processTimers (node:internal/timers:500:7)Error
    at parseLog (C:\Users\young hwa park\Desktop\yhp\source\filelive_development_stage\filelive_5.0.0\filelive_4.0-master\monitoring\solRTMP_filelive_monitoring.js:636:15)
    at Timeout.main [as _onTimeout] (C:\Users\young hwa park\Desktop\yhp\source\filelive_development_stage\filelive_5.0.0\filelive_4.0-master\monitoring\solRTMP_filelive_monitoring.js:1509:27)
    at listOnTimeout (node:internal/timers:557:17)
    at processTimers (node:internal/timers:500:7)Error
    at parseLog (C:\Users\young hwa park\Desktop\yhp\source\filelive_development_stage\filelive_5.0.0\filelive_4.0-master\monitoring\solRTMP_filelive_monitoring.js:636:15)
    at Timeout.main [as _onTimeout] (C:\Users\young hwa park\Desktop\yhp\source\filelive_development_stage\filelive_5.0.0\filelive_4.0-master\monitoring\solRTMP_filelive_monitoring.js:1509:27)
    at listOnTimeout (node:internal/timers:557:17)
    at processTimers (node:internal/timers:500:7)Error
    at parseLog (C:\Users\young hwa park\Desktop\yhp\source\filelive_development_stage\filelive_5.0.0\filelive_4.0-master\monitoring\solRTMP_filelive_monitoring.js:636:15)
    at Timeout.main [as _onTimeout] (C:\Users\young hwa park\Desktop\yhp\source\filelive_development_stage\filelive_5.0.0\filelive_4.0-master\monitoring\solRTMP_filelive_monitoring.js:1509:27)
    at listOnTimeout (node:internal/timers:557:17)
    at processTimers (node:internal/timers:500:7)Error
    at parseLog (C:\Users\young hwa park\Desktop\yhp\source\filelive_development_stage\filelive_5.0.0\filelive_4.0-master\monitoring\solRTMP_filelive_monitoring.js:636:15)
    at Timeout.main [as _onTimeout] (C:\Users\young hwa park\Desktop\yhp\source\filelive_development_stage\filelive_5.0.0\filelive_4.0-master\monitoring\solRTMP_filelive_monitoring.js:1509:27)
    at listOnTimeout (node:internal/timers:557:17)
    at processTimers (node:internal/timers:500:7)Error
    at parseLog (C:\Users\young hwa park\Desktop\yhp\source\filelive_development_stage\filelive_5.0.0\filelive_4.0-master\monitoring\solRTMP_filelive_monitoring.js:636:15)
    at Timeout.main [as _onTimeout] (C:\Users\young hwa park\Desktop\yhp\source\filelive_development_stage\filelive_5.0.0\filelive_4.0-master\monitoring\solRTMP_filelive_monitoring.js:1509:27)
    at listOnTimeout (node:internal/timers:557:17)
    at processTimers (node:internal/timers:500:7)Error
    at parseLog (C:\Users\young hwa park\Desktop\yhp\source\filelive_development_stage\filelive_5.0.0\filelive_4.0-master\monitoring\solRTMP_filelive_monitoring.js:636:15)
    at Timeout.main [as _onTimeout] (C:\Users\young hwa park\Desktop\yhp\source\filelive_development_stage\filelive_5.0.0\filelive_4.0-master\monitoring\solRTMP_filelive_monitoring.js:1509:27)
    at listOnTimeout (node:internal/timers:557:17)
    at processTimers (node:internal/timers:500:7)Error
    at parseLog (C:\Users\young hwa park\Desktop\yhp\source\filelive_development_stage\filelive_5.0.0\filelive_4.0-master\monitoring\solRTMP_filelive_monitoring.js:636:15)
    at Timeout.main [as _onTimeout] (C:\Users\young hwa park\Desktop\yhp\source\filelive_development_stage\filelive_5.0.0\filelive_4.0-master\monitoring\solRTMP_filelive_monitoring.js:1509:27)
    at listOnTimeout (node:internal/timers:557:17)
    at processTimers (node:internal/timers:500:7)Error
    at parseLog (C:\Users\young hwa park\Desktop\yhp\source\filelive_development_stage\filelive_5.0.0\filelive_4.0-master\monitoring\solRTMP_filelive_monitoring.js:636:15)
    at Timeout.main [as _onTimeout] (C:\Users\young hwa park\Desktop\yhp\source\filelive_development_stage\filelive_5.0.0\filelive_4.0-master\monitoring\solRTMP_filelive_monitoring.js:1509:27)
    at listOnTimeout (node:internal/timers:557:17)
    at processTimers (node:internal/timers:500:7)Error
    at parseLog (C:\Users\young hwa park\Desktop\yhp\source\filelive_development_stage\filelive_5.0.0\filelive_4.0-master\monitoring\solRTMP_filelive_monitoring.js:636:15)
    at Timeout.main [as _onTimeout] (C:\Users\young hwa park\Desktop\yhp\source\filelive_development_stage\filelive_5.0.0\filelive_4.0-master\monitoring\solRTMP_filelive_monitoring.js:1509:27)
    at listOnTimeout (node:internal/timers:557:17)
    at processTimers (node:internal/timers:500:7)Error
    at parseLog (C:\Users\young hwa park\Desktop\yhp\source\filelive_development_stage\filelive_5.0.0\filelive_4.0-master\monitoring\solRTMP_filelive_monitoring.js:636:15)
    at Timeout.main [as _onTimeout] (C:\Users\young hwa park\Desktop\yhp\source\filelive_development_stage\filelive_5.0.0\filelive_4.0-master\monitoring\solRTMP_filelive_monitoring.js:1509:27)
    at listOnTimeout (node:internal/timers:557:17)
    at processTimers (node:internal/timers:500:7)Error
    at parseLog (C:\Users\young hwa park\Desktop\yhp\source\filelive_development_stage\filelive_5.0.0\filelive_4.0-master\monitoring\solRTMP_filelive_monitoring.js:636:15)
    at Timeout.main [as _onTimeout] (C:\Users\young hwa park\Desktop\yhp\source\filelive_development_stage\filelive_5.0.0\filelive_4.0-master\monitoring\solRTMP_filelive_monitoring.js:1509:27)
    at listOnTimeout (node:internal/timers:557:17)
    at processTimers (node:internal/timers:500:7)Error
    at parseLog (C:\Users\young hwa park\Desktop\yhp\source\filelive_development_stage\filelive_5.0.0\filelive_4.0-master\monitoring\solRTMP_filelive_monitoring.js:636:15)
    at Timeout.main [as _onTimeout] (C:\Users\young hwa park\Desktop\yhp\source\filelive_development_stage\filelive_5.0.0\filelive_4.0-master\monitoring\solRTMP_filelive_monitoring.js:1509:27)
    at listOnTimeout (node:internal/timers:557:17)
    at processTimers (node:internal/timers:500:7)Error
    at parseLog (C:\Users\young hwa park\Desktop\yhp\source\filelive_development_stage\filelive_5.0.0\filelive_4.0-master\monitoring\solRTMP_filelive_monitoring.js:636:15)
    at Timeout.main [as _onTimeout] (C:\Users\young hwa park\Desktop\yhp\source\filelive_development_stage\filelive_5.0.0\filelive_4.0-master\monitoring\solRTMP_filelive_monitoring.js:1509:27)
    at listOnTimeout (node:internal/timers:557:17)
    at processTimers (node:internal/timers:500:7)Error
    at parseLog (C:\Users\young hwa park\Desktop\yhp\source\filelive_development_stage\filelive_5.0.0\filelive_4.0-master\monitoring\solRTMP_filelive_monitoring.js:636:15)
    at Timeout.main [as _onTimeout] (C:\Users\young hwa park\Desktop\yhp\source\filelive_development_stage\filelive_5.0.0\filelive_4.0-master\monitoring\solRTMP_filelive_monitoring.js:1509:27)
    at listOnTimeout (node:internal/timers:557:17)
    at processTimers (node:internal/timers:500:7)Error
    at parseLog (C:\Users\young hwa park\Desktop\yhp\source\filelive_development_stage\filelive_5.0.0\filelive_4.0-master\monitoring\solRTMP_filelive_monitoring.js:636:15)
    at Timeout.main [as _onTimeout] (C:\Users\young hwa park\Desktop\yhp\source\filelive_development_stage\filelive_5.0.0\filelive_4.0-master\monitoring\solRTMP_filelive_monitoring.js:1509:27)
    at listOnTimeout (node:internal/timers:557:17)
    at processTimers (node:internal/timers:500:7)Error
    at parseLog (C:\Users\young hwa park\Desktop\yhp\source\filelive_development_stage\filelive_5.0.0\filelive_4.0-master\monitoring\solRTMP_filelive_monitoring.js:636:15)
    at Timeout.main [as _onTimeout] (C:\Users\young hwa park\Desktop\yhp\source\filelive_development_stage\filelive_5.0.0\filelive_4.0-master\monitoring\solRTMP_filelive_monitoring.js:1509:27)
    at listOnTimeout (node:internal/timers:557:17)
    at processTimers (node:internal/timers:500:7)Error
    at parseLog (C:\Users\young hwa park\Desktop\yhp\source\filelive_development_stage\filelive_5.0.0\filelive_4.0-master\monitoring\solRTMP_filelive_monitoring.js:636:15)
    at Timeout.main [as _onTimeout] (C:\Users\young hwa park\Desktop\yhp\source\filelive_development_stage\filelive_5.0.0\filelive_4.0-master\monitoring\solRTMP_filelive_monitoring.js:1509:27)
    at listOnTimeout (node:internal/timers:557:17)
    at processTimers (node:internal/timers:500:7)Error
    at parseLog (C:\Users\young hwa park\Desktop\yhp\source\filelive_development_stage\filelive_5.0.0\filelive_4.0-master\monitoring\solRTMP_filelive_monitoring.js:636:15)
    at Timeout.main [as _onTimeout] (C:\Users\young hwa park\Desktop\yhp\source\filelive_development_stage\filelive_5.0.0\filelive_4.0-master\monitoring\solRTMP_filelive_monitoring.js:1509:27)
    at listOnTimeout (node:internal/timers:557:17)
    at processTimers (node:internal/timers:500:7)Error
    at parseLog (C:\Users\young hwa park\Desktop\yhp\source\filelive_development_stage\filelive_5.0.0\filelive_4.0-master\monitoring\solRTMP_filelive_monitoring.js:636:15)
    at Timeout.main [as _onTimeout] (C:\Users\young hwa park\Desktop\yhp\source\filelive_development_stage\filelive_5.0.0\filelive_4.0-master\monitoring\solRTMP_filelive_monitoring.js:1509:27)
    at listOnTimeout (node:internal/timers:557:17)
    at processTimers (node:internal/timers:500:7)Error
    at parseLog (C:\Users\young hwa park\Desktop\yhp\source\filelive_development_stage\filelive_5.0.0\filelive_4.0-master\monitoring\solRTMP_filelive_monitoring.js:636:15)
    at Timeout.main [as _onTimeout] (C:\Users\young hwa park\Desktop\yhp\source\filelive_development_stage\filelive_5.0.0\filelive_4.0-master\monitoring\solRTMP_filelive_monitoring.js:1509:27)
    at listOnTimeout (node:internal/timers:557:17)
    at processTimers (node:internal/timers:500:7)Error
    at parseLog (C:\Users\young hwa park\Desktop\yhp\source\filelive_development_stage\filelive_5.0.0\filelive_4.0-master\monitoring\solRTMP_filelive_monitoring.js:636:15)
    at Timeout.main [as _onTimeout] (C:\Users\young hwa park\Desktop\yhp\source\filelive_development_stage\filelive_5.0.0\filelive_4.0-master\monitoring\solRTMP_filelive_monitoring.js:1509:27)
    at listOnTimeout (node:internal/timers:557:17)
    at processTimers (node:internal/timers:500:7)Error
    at parseLog (C:\Users\young hwa park\Desktop\yhp\source\filelive_development_stage\filelive_5.0.0\filelive_4.0-master\monitoring\solRTMP_filelive_monitoring.js:636:15)
    at Timeout.main [as _onTimeout] (C:\Users\young hwa park\Desktop\yhp\source\filelive_development_stage\filelive_5.0.0\filelive_4.0-master\monitoring\solRTMP_filelive_monitoring.js:1509:27)
    at listOnTimeout (node:internal/timers:557:17)
    at processTimers (node:internal/timers:500:7)Error
    at parseLog (C:\Users\young hwa park\Desktop\yhp\source\filelive_development_stage\filelive_5.0.0\filelive_4.0-master\monitoring\solRTMP_filelive_monitoring.js:636:15)
    at Timeout.main [as _onTimeout] (C:\Users\young hwa park\Desktop\yhp\source\filelive_development_stage\filelive_5.0.0\filelive_4.0-master\monitoring\solRTMP_filelive_monitoring.js:1509:27)
    at listOnTimeout (node:internal/timers:557:17)
    at processTimers (node:internal/timers:500:7)Error
    at parseLog (C:\Users\young hwa park\Desktop\yhp\source\filelive_development_stage\filelive_5.0.0\filelive_4.0-master\monitoring\solRTMP_filelive_monitoring.js:636:15)
    at Timeout.main [as _onTimeout] (C:\Users\young hwa park\Desktop\yhp\source\filelive_development_stage\filelive_5.0.0\filelive_4.0-master\monitoring\solRTMP_filelive_monitoring.js:1509:27)
    at listOnTimeout (node:internal/timers:557:17)
    at processTimers (node:internal/timers:500:7)Error
    at parseLog (C:\Users\young hwa park\Desktop\yhp\source\filelive_development_stage\filelive_5.0.0\filelive_4.0-master\monitoring\solRTMP_filelive_monitoring.js:636:15)
    at Timeout.main [as _onTimeout] (C:\Users\young hwa park\Desktop\yhp\source\filelive_development_stage\filelive_5.0.0\filelive_4.0-master\monitoring\solRTMP_filelive_monitoring.js:1509:27)
    at listOnTimeout (node:internal/timers:557:17)
    at processTimers (node:internal/timers:500:7)Error
    at parseLog (C:\Users\young hwa park\Desktop\yhp\source\filelive_development_stage\filelive_5.0.0\filelive_4.0-master\monitoring\solRTMP_filelive_monitoring.js:636:15)
    at Timeout.main [as _onTimeout] (C:\Users\young hwa park\Desktop\yhp\source\filelive_development_stage\filelive_5.0.0\filelive_4.0-master\monitoring\solRTMP_filelive_monitoring.js:1509:27)
    at listOnTimeout (node:internal/timers:557:17)
    at processTimers (node:internal/timers:500:7)Error
    at parseLog (C:\Users\young hwa park\Desktop\yhp\source\filelive_development_stage\filelive_5.0.0\filelive_4.0-master\monitoring\solRTMP_filelive_monitoring.js:636:15)
    at Timeout.main [as _onTimeout] (C:\Users\young hwa park\Desktop\yhp\source\filelive_development_stage\filelive_5.0.0\filelive_4.0-master\monitoring\solRTMP_filelive_monitoring.js:1509:27)
    at listOnTimeout (node:internal/timers:557:17)
    at processTimers (node:internal/timers:500:7)Error
    at parseLog (C:\Users\young hwa park\Desktop\yhp\source\filelive_development_stage\filelive_5.0.0\filelive_4.0-master\monitoring\solRTMP_filelive_monitoring.js:636:15)
    at Timeout.main [as _onTimeout] (C:\Users\young hwa park\Desktop\yhp\source\filelive_development_stage\filelive_5.0.0\filelive_4.0-master\monitoring\solRTMP_filelive_monitoring.js:1509:27)
    at listOnTimeout (node:internal/timers:557:17)
    at processTimers (node:internal/timers:500:7)Error
    at parseLog (C:\Users\young hwa park\Desktop\yhp\source\filelive_development_stage\filelive_5.0.0\filelive_4.0-master\monitoring\solRTMP_filelive_monitoring.js:636:15)
    at Timeout.main [as _onTimeout] (C:\Users\young hwa park\Desktop\yhp\source\filelive_development_stage\filelive_5.0.0\filelive_4.0-master\monitoring\solRTMP_filelive_monitoring.js:1509:27)
    at listOnTimeout (node:internal/timers:557:17)
    at processTimers (node:internal/timers:500:7)Error
    at parseLog (C:\Users\young hwa park\Desktop\yhp\source\filelive_development_stage\filelive_5.0.0\filelive_4.0-master\monitoring\solRTMP_filelive_monitoring.js:636:15)
    at Timeout.main [as _onTimeout] (C:\Users\young hwa park\Desktop\yhp\source\filelive_development_stage\filelive_5.0.0\filelive_4.0-master\monitoring\solRTMP_filelive_monitoring.js:1509:27)
    at listOnTimeout (node:internal/timers:557:17)
    at processTimers (node:internal/timers:500:7)Error
    at parseLog (C:\Users\young hwa park\Desktop\yhp\source\filelive_development_stage\filelive_5.0.0\filelive_4.0-master\monitoring\solRTMP_filelive_monitoring.js:636:15)
    at Timeout.main [as _onTimeout] (C:\Users\young hwa park\Desktop\yhp\source\filelive_development_stage\filelive_5.0.0\filelive_4.0-master\monitoring\solRTMP_filelive_monitoring.js:1509:27)
    at listOnTimeout (node:internal/timers:557:17)
    at processTimers (node:internal/timers:500:7)Error
    at parseLog (C:\Users\young hwa park\Desktop\yhp\source\filelive_development_stage\filelive_5.0.0\filelive_4.0-master\monitoring\solRTMP_filelive_monitoring.js:636:15)
    at Timeout.main [as _onTimeout] (C:\Users\young hwa park\Desktop\yhp\source\filelive_development_stage\filelive_5.0.0\filelive_4.0-master\monitoring\solRTMP_filelive_monitoring.js:1509:27)
    at listOnTimeout (node:internal/timers:557:17)
    at processTimers (node:internal/timers:500:7)Error
    at parseLog (C:\Users\young hwa park\Desktop\yhp\source\filelive_development_stage\filelive_5.0.0\filelive_4.0-master\monitoring\solRTMP_filelive_monitoring.js:636:15)
    at Timeout.main [as _onTimeout] (C:\Users\young hwa park\Desktop\yhp\source\filelive_development_stage\filelive_5.0.0\filelive_4.0-master\monitoring\solRTMP_filelive_monitoring.js:1509:27)
    at listOnTimeout (node:internal/timers:557:17)
    at processTimers (node:internal/timers:500:7)Error
    at parseLog (C:\Users\young hwa park\Desktop\yhp\source\filelive_development_stage\filelive_5.0.0\filelive_4.0-master\monitoring\solRTMP_filelive_monitoring.js:636:15)
    at Timeout.main [as _onTimeout] (C:\Users\young hwa park\Desktop\yhp\source\filelive_development_stage\filelive_5.0.0\filelive_4.0-master\monitoring\solRTMP_filelive_monitoring.js:1509:27)
    at listOnTimeout (node:internal/timers:557:17)
    at processTimers (node:internal/timers:500:7)Error
    at parseLog (C:\Users\young hwa park\Desktop\yhp\source\filelive_development_stage\filelive_5.0.0\filelive_4.0-master\monitoring\solRTMP_filelive_monitoring.js:636:15)
    at Timeout.main [as _onTimeout] (C:\Users\young hwa park\Desktop\yhp\source\filelive_development_stage\filelive_5.0.0\filelive_4.0-master\monitoring\solRTMP_filelive_monitoring.js:1509:27)
    at listOnTimeout (node:internal/timers:557:17)
    at processTimers (node:internal/timers:500:7)Error
    at parseLog (C:\Users\young hwa park\Desktop\yhp\source\filelive_development_stage\filelive_5.0.0\filelive_4.0-master\monitoring\solRTMP_filelive_monitoring.js:636:15)
    at Timeout.main [as _onTimeout] (C:\Users\young hwa park\Desktop\yhp\source\filelive_development_stage\filelive_5.0.0\filelive_4.0-master\monitoring\solRTMP_filelive_monitoring.js:1509:27)
    at listOnTimeout (node:internal/timers:557:17)
    at processTimers (node:internal/timers:500:7)Error
    at parseLog (C:\Users\young hwa park\Desktop\yhp\source\filelive_development_stage\filelive_5.0.0\filelive_4.0-master\monitoring\solRTMP_filelive_monitoring.js:636:15)
    at Timeout.main [as _onTimeout] (C:\Users\young hwa park\Desktop\yhp\source\filelive_development_stage\filelive_5.0.0\filelive_4.0-master\monitoring\solRTMP_filelive_monitoring.js:1509:27)
    at listOnTimeout (node:internal/timers:557:17)
    at processTimers (node:internal/timers:500:7)Error
    at parseLog (C:\Users\young hwa park\Desktop\yhp\source\filelive_development_stage\filelive_5.0.0\filelive_4.0-master\monitoring\solRTMP_filelive_monitoring.js:636:15)
    at Timeout.main [as _onTimeout] (C:\Users\young hwa park\Desktop\yhp\source\filelive_development_stage\filelive_5.0.0\filelive_4.0-master\monitoring\solRTMP_filelive_monitoring.js:1509:27)
    at listOnTimeout (node:internal/timers:557:17)
    at processTimers (node:internal/timers:500:7)Error
    at parseLog (C:\Users\young hwa park\Desktop\yhp\source\filelive_development_stage\filelive_5.0.0\filelive_4.0-master\monitoring\solRTMP_filelive_monitoring.js:636:15)
    at Timeout.main [as _onTimeout] (C:\Users\young hwa park\Desktop\yhp\source\filelive_development_stage\filelive_5.0.0\filelive_4.0-master\monitoring\solRTMP_filelive_monitoring.js:1509:27)
    at listOnTimeout (node:internal/timers:557:17)
    at processTimers (node:internal/timers:500:7)Error
    at parseLog (C:\Users\young hwa park\Desktop\yhp\source\filelive_development_stage\filelive_5.0.0\filelive_4.0-master\monitoring\solRTMP_filelive_monitoring.js:636:15)
    at Timeout.main [as _onTimeout] (C:\Users\young hwa park\Desktop\yhp\source\filelive_development_stage\filelive_5.0.0\filelive_4.0-master\monitoring\solRTMP_filelive_monitoring.js:1509:27)
    at listOnTimeout (node:internal/timers:557:17)
    at processTimers (node:internal/timers:500:7)Error
    at parseLog (C:\Users\young hwa park\Desktop\yhp\source\filelive_development_stage\filelive_5.0.0\filelive_4.0-master\monitoring\solRTMP_filelive_monitoring.js:636:15)
    at Timeout.main [as _onTimeout] (C:\Users\young hwa park\Desktop\yhp\source\filelive_development_stage\filelive_5.0.0\filelive_4.0-master\monitoring\solRTMP_filelive_monitoring.js:1509:27)
    at listOnTimeout (node:internal/timers:557:17)
    at processTimers (node:internal/timers:500:7)Error
    at parseLog (C:\Users\young hwa park\Desktop\yhp\source\filelive_development_stage\filelive_5.0.0\filelive_4.0-master\monitoring\solRTMP_filelive_monitoring.js:636:15)
    at Timeout.main [as _onTimeout] (C:\Users\young hwa park\Desktop\yhp\source\filelive_development_stage\filelive_5.0.0\filelive_4.0-master\monitoring\solRTMP_filelive_monitoring.js:1509:27)
    at listOnTimeout (node:internal/timers:557:17)
    at processTimers (node:internal/timers:500:7)Error
    at parseLog (C:\Users\young hwa park\Desktop\yhp\source\filelive_development_stage\filelive_5.0.0\filelive_4.0-master\monitoring\solRTMP_filelive_monitoring.js:636:15)
    at Timeout.main [as _onTimeout] (C:\Users\young hwa park\Desktop\yhp\source\filelive_development_stage\filelive_5.0.0\filelive_4.0-master\monitoring\solRTMP_filelive_monitoring.js:1509:27)
    at listOnTimeout (node:internal/timers:557:17)
    at processTimers (node:internal/timers:500:7)Error
    at parseLog (C:\Users\young hwa park\Desktop\yhp\source\filelive_development_stage\filelive_5.0.0\filelive_4.0-master\monitoring\solRTMP_filelive_monitoring.js:636:15)
    at Timeout.main [as _onTimeout] (C:\Users\young hwa park\Desktop\yhp\source\filelive_development_stage\filelive_5.0.0\filelive_4.0-master\monitoring\solRTMP_filelive_monitoring.js:1509:27)
    at listOnTimeout (node:internal/timers:557:17)
    at processTimers (node:internal/timers:500:7)Error
    at parseLog (C:\Users\young hwa park\Desktop\yhp\source\filelive_development_stage\filelive_5.0.0\filelive_4.0-master\monitoring\solRTMP_filelive_monitoring.js:636:15)
    at Timeout.main [as _onTimeout] (C:\Users\young hwa park\Desktop\yhp\source\filelive_development_stage\filelive_5.0.0\filelive_4.0-master\monitoring\solRTMP_filelive_monitoring.js:1509:27)
    at listOnTimeout (node:internal/timers:557:17)
    at processTimers (node:internal/timers:500:7)Error
    at parseLog (C:\Users\young hwa park\Desktop\yhp\source\filelive_development_stage\filelive_5.0.0\filelive_4.0-master\monitoring\solRTMP_filelive_monitoring.js:636:15)
    at Timeout.main [as _onTimeout] (C:\Users\young hwa park\Desktop\yhp\source\filelive_development_stage\filelive_5.0.0\filelive_4.0-master\monitoring\solRTMP_filelive_monitoring.js:1509:27)
    at listOnTimeout (node:internal/timers:557:17)
    at processTimers (node:internal/timers:500:7)Error
    at parseLog (C:\Users\young hwa park\Desktop\yhp\source\filelive_development_stage\filelive_5.0.0\filelive_4.0-master\monitoring\solRTMP_filelive_monitoring.js:636:15)
    at Timeout.main [as _onTimeout] (C:\Users\young hwa park\Desktop\yhp\source\filelive_development_stage\filelive_5.0.0\filelive_4.0-master\monitoring\solRTMP_filelive_monitoring.js:1509:27)
    at listOnTimeout (node:internal/timers:557:17)
    at processTimers (node:internal/timers:500:7)Error
    at parseLog (C:\Users\young hwa park\Desktop\yhp\source\filelive_development_stage\filelive_5.0.0\filelive_4.0-master\monitoring\solRTMP_filelive_monitoring.js:636:15)
    at Timeout.main [as _onTimeout] (C:\Users\young hwa park\Desktop\yhp\source\filelive_development_stage\filelive_5.0.0\filelive_4.0-master\monitoring\solRTMP_filelive_monitoring.js:1509:27)
    at listOnTimeout (node:internal/timers:557:17)
    at processTimers (node:internal/timers:500:7)Error
    at parseLog (C:\Users\young hwa park\Desktop\yhp\source\filelive_development_stage\filelive_5.0.0\filelive_4.0-master\monitoring\solRTMP_filelive_monitoring.js:636:15)
    at Timeout.main [as _onTimeout] (C:\Users\young hwa park\Desktop\yhp\source\filelive_development_stage\filelive_5.0.0\filelive_4.0-master\monitoring\solRTMP_filelive_monitoring.js:1509:27)
    at listOnTimeout (node:internal/timers:557:17)
    at processTimers (node:internal/timers:500:7)Error
    at parseLog (C:\Users\young hwa park\Desktop\yhp\source\filelive_development_stage\filelive_5.0.0\filelive_4.0-master\monitoring\solRTMP_filelive_monitoring.js:636:15)
    at Timeout.main [as _onTimeout] (C:\Users\young hwa park\Desktop\yhp\source\filelive_development_stage\filelive_5.0.0\filelive_4.0-master\monitoring\solRTMP_filelive_monitoring.js:1509:27)
    at listOnTimeout (node:internal/timers:557:17)
    at processTimers (node:internal/timers:500:7)Error
    at parseLog (C:\Users\young hwa park\Desktop\yhp\source\filelive_development_stage\filelive_5.0.0\filelive_4.0-master\monitoring\solRTMP_filelive_monitoring.js:636:15)
    at Timeout.main [as _onTimeout] (C:\Users\young hwa park\Desktop\yhp\source\filelive_development_stage\filelive_5.0.0\filelive_4.0-master\monitoring\solRTMP_filelive_monitoring.js:1509:27)
    at listOnTimeout (node:internal/timers:557:17)
    at processTimers (node:internal/timers:500:7)Error
    at parseLog (C:\Users\young hwa park\Desktop\yhp\source\filelive_development_stage\filelive_5.0.0\filelive_4.0-master\monitoring\solRTMP_filelive_monitoring.js:636:15)
    at Timeout.main [as _onTimeout] (C:\Users\young hwa park\Desktop\yhp\source\filelive_development_stage\filelive_5.0.0\filelive_4.0-master\monitoring\solRTMP_filelive_monitoring.js:1509:27)
    at listOnTimeout (node:internal/timers:557:17)
    at processTimers (node:internal/timers:500:7)Error
    at parseLog (C:\Users\young hwa park\Desktop\yhp\source\filelive_development_stage\filelive_5.0.0\filelive_4.0-master\monitoring\solRTMP_filelive_monitoring.js:636:15)
    at Timeout.main [as _onTimeout] (C:\Users\young hwa park\Desktop\yhp\source\filelive_development_stage\filelive_5.0.0\filelive_4.0-master\monitoring\solRTMP_filelive_monitoring.js:1509:27)
    at listOnTimeout (node:internal/timers:557:17)
    at processTimers (node:internal/timers:500:7)Error
    at parseLog (C:\Users\young hwa park\Desktop\yhp\source\filelive_development_stage\filelive_5.0.0\filelive_4.0-master\monitoring\solRTMP_filelive_monitoring.js:636:15)
    at Timeout.main [as _onTimeout] (C:\Users\young hwa park\Desktop\yhp\source\filelive_development_stage\filelive_5.0.0\filelive_4.0-master\monitoring\solRTMP_filelive_monitoring.js:1509:27)
    at listOnTimeout (node:internal/timers:557:17)
    at processTimers (node:internal/timers:500:7)Error
    at parseLog (C:\Users\young hwa park\Desktop\yhp\source\filelive_development_stage\filelive_5.0.0\filelive_4.0-master\monitoring\solRTMP_filelive_monitoring.js:636:15)
    at Timeout.main [as _onTimeout] (C:\Users\young hwa park\Desktop\yhp\source\filelive_development_stage\filelive_5.0.0\filelive_4.0-master\monitoring\solRTMP_filelive_monitoring.js:1509:27)
    at listOnTimeout (node:internal/timers:557:17)
    at processTimers (node:internal/timers:500:7)Error
    at parseLog (C:\Users\young hwa park\Desktop\yhp\source\filelive_development_stage\filelive_5.0.0\filelive_4.0-master\monitoring\solRTMP_filelive_monitoring.js:636:15)
    at Timeout.main [as _onTimeout] (C:\Users\young hwa park\Desktop\yhp\source\filelive_development_stage\filelive_5.0.0\filelive_4.0-master\monitoring\solRTMP_filelive_monitoring.js:1509:27)
    at listOnTimeout (node:internal/timers:557:17)
    at processTimers (node:internal/timers:500:7)2022. 12. 13. 오후 4:54:30 Error: log is too short
    at parseLog (C:\Users\young hwa park\Desktop\yhp\source\filelive_development_stage\filelive_5.0.0\filelive_4.0-master\monitoring\solRTMP_filelive_monitoring.js:636:15)
    at main (C:\Users\young hwa park\Desktop\yhp\source\filelive_development_stage\filelive_5.0.0\filelive_4.0-master\monitoring\solRTMP_filelive_monitoring.js:1509:27)
    at Object.<anonymous> (C:\Users\young hwa park\Desktop\yhp\source\filelive_development_stage\filelive_5.0.0\filelive_4.0-master\monitoring\solRTMP_filelive_monitoring.js:1533:1)
    at Module._compile (node:internal/modules/cjs/loader:1101:14)
    at Object.Module._extensions..js (node:internal/modules/cjs/loader:1153:10)
    at Module.load (node:internal/modules/cjs/loader:981:32)
    at Function.Module._load (node:internal/modules/cjs/loader:822:12)
    at Function.executeUserEntryPoint [as runMain] (node:internal/modules/run_main:81:12)
    at node:internal/main/run_main_module:17:472022. 12. 13. 오후 4:54:31 Error: log is too short
    at parseLog (C:\Users\young hwa park\Desktop\yhp\source\filelive_development_stage\filelive_5.0.0\filelive_4.0-master\monitoring\solRTMP_filelive_monitoring.js:636:15)
    at Timeout.main [as _onTimeout] (C:\Users\young hwa park\Desktop\yhp\source\filelive_development_stage\filelive_5.0.0\filelive_4.0-master\monitoring\solRTMP_filelive_monitoring.js:1509:27)
    at listOnTimeout (node:internal/timers:557:17)
    at processTimers (node:internal/timers:500:7)2022. 12. 13. 오후 4:54:32 Error: log is too short
    at parseLog (C:\Users\young hwa park\Desktop\yhp\source\filelive_development_stage\filelive_5.0.0\filelive_4.0-master\monitoring\solRTMP_filelive_monitoring.js:636:15)
    at Timeout.main [as _onTimeout] (C:\Users\young hwa park\Desktop\yhp\source\filelive_development_stage\filelive_5.0.0\filelive_4.0-master\monitoring\solRTMP_filelive_monitoring.js:1509:27)
    at listOnTimeout (node:internal/timers:557:17)
    at processTimers (node:internal/timers:500:7)2022. 12. 13. 오후 4:54:33 Error: log is too short
    at parseLog (C:\Users\young hwa park\Desktop\yhp\source\filelive_development_stage\filelive_5.0.0\filelive_4.0-master\monitoring\solRTMP_filelive_monitoring.js:636:15)
    at Timeout.main [as _onTimeout] (C:\Users\young hwa park\Desktop\yhp\source\filelive_development_stage\filelive_5.0.0\filelive_4.0-master\monitoring\solRTMP_filelive_monitoring.js:1509:27)
    at listOnTimeout (node:internal/timers:557:17)
    at processTimers (node:internal/timers:500:7)2022. 12. 13. 오후 4:54:34 Error: log is too short
    at parseLog (C:\Users\young hwa park\Desktop\yhp\source\filelive_development_stage\filelive_5.0.0\filelive_4.0-master\monitoring\solRTMP_filelive_monitoring.js:636:15)
    at Timeout.main [as _onTimeout] (C:\Users\young hwa park\Desktop\yhp\source\filelive_development_stage\filelive_5.0.0\filelive_4.0-master\monitoring\solRTMP_filelive_monitoring.js:1509:27)
    at listOnTimeout (node:internal/timers:557:17)
    at processTimers (node:internal/timers:500:7)2022. 12. 13. 오후 4:54:35 Error: log is too short
    at parseLog (C:\Users\young hwa park\Desktop\yhp\source\filelive_development_stage\filelive_5.0.0\filelive_4.0-master\monitoring\solRTMP_filelive_monitoring.js:636:15)
    at Timeout.main [as _onTimeout] (C:\Users\young hwa park\Desktop\yhp\source\filelive_development_stage\filelive_5.0.0\filelive_4.0-master\monitoring\solRTMP_filelive_monitoring.js:1509:27)
    at listOnTimeout (node:internal/timers:557:17)
    at processTimers (node:internal/timers:500:7)2022. 12. 13. 오후 4:54:36 Error: log is too short
    at parseLog (C:\Users\young hwa park\Desktop\yhp\source\filelive_development_stage\filelive_5.0.0\filelive_4.0-master\monitoring\solRTMP_filelive_monitoring.js:636:15)
    at Timeout.main [as _onTimeout] (C:\Users\young hwa park\Desktop\yhp\source\filelive_development_stage\filelive_5.0.0\filelive_4.0-master\monitoring\solRTMP_filelive_monitoring.js:1509:27)
    at listOnTimeout (node:internal/timers:557:17)
    at processTimers (node:internal/timers:500:7)2022. 12. 13. 오후 4:54:37 Error: log is too short
    at parseLog (C:\Users\young hwa park\Desktop\yhp\source\filelive_development_stage\filelive_5.0.0\filelive_4.0-master\monitoring\solRTMP_filelive_monitoring.js:636:15)
    at Timeout.main [as _onTimeout] (C:\Users\young hwa park\Desktop\yhp\source\filelive_development_stage\filelive_5.0.0\filelive_4.0-master\monitoring\solRTMP_filelive_monitoring.js:1509:27)
    at listOnTimeout (node:internal/timers:557:17)
    at processTimers (node:internal/timers:500:7)2022. 12. 13. 오후 4:54:38 Error: log is too short
    at parseLog (C:\Users\young hwa park\Desktop\yhp\source\filelive_development_stage\filelive_5.0.0\filelive_4.0-master\monitoring\solRTMP_filelive_monitoring.js:636:15)
    at Timeout.main [as _onTimeout] (C:\Users\young hwa park\Desktop\yhp\source\filelive_development_stage\filelive_5.0.0\filelive_4.0-master\monitoring\solRTMP_filelive_monitoring.js:1509:27)
    at listOnTimeout (node:internal/timers:557:17)
    at processTimers (node:internal/timers:500:7)2022. 12. 13. 오후 4:54:39 Error: log is too short
    at parseLog (C:\Users\young hwa park\Desktop\yhp\source\filelive_development_stage\filelive_5.0.0\filelive_4.0-master\monitoring\solRTMP_filelive_monitoring.js:636:15)
    at Timeout.main [as _onTimeout] (C:\Users\young hwa park\Desktop\yhp\source\filelive_development_stage\filelive_5.0.0\filelive_4.0-master\monitoring\solRTMP_filelive_monitoring.js:1509:27)
    at listOnTimeout (node:internal/timers:557:17)
    at processTimers (node:internal/timers:500:7)2022. 12. 13. 오후 4:54:40 Error: log is too short
    at parseLog (C:\Users\young hwa park\Desktop\yhp\source\filelive_development_stage\filelive_5.0.0\filelive_4.0-master\monitoring\solRTMP_filelive_monitoring.js:636:15)
    at Timeout.main [as _onTimeout] (C:\Users\young hwa park\Desktop\yhp\source\filelive_development_stage\filelive_5.0.0\filelive_4.0-master\monitoring\solRTMP_filelive_monitoring.js:1509:27)
    at listOnTimeout (node:internal/timers:557:17)
    at processTimers (node:internal/timers:500:7)2022. 12. 13. 오후 4:54:41 Error: log is too short
    at parseLog (C:\Users\young hwa park\Desktop\yhp\source\filelive_development_stage\filelive_5.0.0\filelive_4.0-master\monitoring\solRTMP_filelive_monitoring.js:636:15)
    at Timeout.main [as _onTimeout] (C:\Users\young hwa park\Desktop\yhp\source\filelive_development_stage\filelive_5.0.0\filelive_4.0-master\monitoring\solRTMP_filelive_monitoring.js:1509:27)
    at listOnTimeout (node:internal/timers:557:17)
    at processTimers (node:internal/timers:500:7)2022. 12. 13. 오후 4:54:42 Error: log is too short
    at parseLog (C:\Users\young hwa park\Desktop\yhp\source\filelive_development_stage\filelive_5.0.0\filelive_4.0-master\monitoring\solRTMP_filelive_monitoring.js:636:15)
    at Timeout.main [as _onTimeout] (C:\Users\young hwa park\Desktop\yhp\source\filelive_development_stage\filelive_5.0.0\filelive_4.0-master\monitoring\solRTMP_filelive_monitoring.js:1509:27)
    at listOnTimeout (node:internal/timers:557:17)
    at processTimers (node:internal/timers:500:7)2022. 12. 13. 오후 4:54:44 Error: log is too short
    at parseLog (C:\Users\young hwa park\Desktop\yhp\source\filelive_development_stage\filelive_5.0.0\filelive_4.0-master\monitoring\solRTMP_filelive_monitoring.js:636:15)
    at Timeout.main [as _onTimeout] (C:\Users\young hwa park\Desktop\yhp\source\filelive_development_stage\filelive_5.0.0\filelive_4.0-master\monitoring\solRTMP_filelive_monitoring.js:1509:27)
    at listOnTimeout (node:internal/timers:557:17)
    at processTimers (node:internal/timers:500:7)2022. 12. 13. 오후 4:54:45 Error: log is too short
    at parseLog (C:\Users\young hwa park\Desktop\yhp\source\filelive_development_stage\filelive_5.0.0\filelive_4.0-master\monitoring\solRTMP_filelive_monitoring.js:636:15)
    at Timeout.main [as _onTimeout] (C:\Users\young hwa park\Desktop\yhp\source\filelive_development_stage\filelive_5.0.0\filelive_4.0-master\monitoring\solRTMP_filelive_monitoring.js:1509:27)
    at listOnTimeout (node:internal/timers:557:17)
    at processTimers (node:internal/timers:500:7)2022. 12. 13. 오후 4:54:46 Error: log is too short
    at parseLog (C:\Users\young hwa park\Desktop\yhp\source\filelive_development_stage\filelive_5.0.0\filelive_4.0-master\monitoring\solRTMP_filelive_monitoring.js:636:15)
    at Timeout.main [as _onTimeout] (C:\Users\young hwa park\Desktop\yhp\source\filelive_development_stage\filelive_5.0.0\filelive_4.0-master\monitoring\solRTMP_filelive_monitoring.js:1509:27)
    at listOnTimeout (node:internal/timers:557:17)
    at processTimers (node:internal/timers:500:7)2022. 12. 13. 오후 4:54:47 Error: log is too short
    at parseLog (C:\Users\young hwa park\Desktop\yhp\source\filelive_development_stage\filelive_5.0.0\filelive_4.0-master\monitoring\solRTMP_filelive_monitoring.js:636:15)
    at Timeout.main [as _onTimeout] (C:\Users\young hwa park\Desktop\yhp\source\filelive_development_stage\filelive_5.0.0\filelive_4.0-master\monitoring\solRTMP_filelive_monitoring.js:1509:27)
    at listOnTimeout (node:internal/timers:557:17)
    at processTimers (node:internal/timers:500:7)2022. 12. 13. 오후 4:54:48 Error: log is too short
    at parseLog (C:\Users\young hwa park\Desktop\yhp\source\filelive_development_stage\filelive_5.0.0\filelive_4.0-master\monitoring\solRTMP_filelive_monitoring.js:636:15)
    at Timeout.main [as _onTimeout] (C:\Users\young hwa park\Desktop\yhp\source\filelive_development_stage\filelive_5.0.0\filelive_4.0-master\monitoring\solRTMP_filelive_monitoring.js:1509:27)
    at listOnTimeout (node:internal/timers:557:17)
    at processTimers (node:internal/timers:500:7)2022. 12. 13. 오후 4:54:49 Error: log is too short
    at parseLog (C:\Users\young hwa park\Desktop\yhp\source\filelive_development_stage\filelive_5.0.0\filelive_4.0-master\monitoring\solRTMP_filelive_monitoring.js:636:15)
    at Timeout.main [as _onTimeout] (C:\Users\young hwa park\Desktop\yhp\source\filelive_development_stage\filelive_5.0.0\filelive_4.0-master\monitoring\solRTMP_filelive_monitoring.js:1509:27)
    at listOnTimeout (node:internal/timers:557:17)
    at processTimers (node:internal/timers:500:7)2022. 12. 13. 오후 4:54:50 Error: log is too short
    at parseLog (C:\Users\young hwa park\Desktop\yhp\source\filelive_development_stage\filelive_5.0.0\filelive_4.0-master\monitoring\solRTMP_filelive_monitoring.js:636:15)
    at Timeout.main [as _onTimeout] (C:\Users\young hwa park\Desktop\yhp\source\filelive_development_stage\filelive_5.0.0\filelive_4.0-master\monitoring\solRTMP_filelive_monitoring.js:1509:27)
    at listOnTimeout (node:internal/timers:557:17)
    at processTimers (node:internal/timers:500:7)2022. 12. 13. 오후 4:54:51 Error: log is too short
    at parseLog (C:\Users\young hwa park\Desktop\yhp\source\filelive_development_stage\filelive_5.0.0\filelive_4.0-master\monitoring\solRTMP_filelive_monitoring.js:636:15)
    at Timeout.main [as _onTimeout] (C:\Users\young hwa park\Desktop\yhp\source\filelive_development_stage\filelive_5.0.0\filelive_4.0-master\monitoring\solRTMP_filelive_monitoring.js:1509:27)
    at listOnTimeout (node:internal/timers:557:17)
    at processTimers (node:internal/timers:500:7)2022. 12. 13. 오후 4:54:52 Error: log is too short
    at parseLog (C:\Users\young hwa park\Desktop\yhp\source\filelive_development_stage\filelive_5.0.0\filelive_4.0-master\monitoring\solRTMP_filelive_monitoring.js:636:15)
    at Timeout.main [as _onTimeout] (C:\Users\young hwa park\Desktop\yhp\source\filelive_development_stage\filelive_5.0.0\filelive_4.0-master\monitoring\solRTMP_filelive_monitoring.js:1509:27)
    at listOnTimeout (node:internal/timers:557:17)
    at processTimers (node:internal/timers:500:7)2022. 12. 13. 오후 4:54:53 Error: log is too short
    at parseLog (C:\Users\young hwa park\Desktop\yhp\source\filelive_development_stage\filelive_5.0.0\filelive_4.0-master\monitoring\solRTMP_filelive_monitoring.js:636:15)
    at Timeout.main [as _onTimeout] (C:\Users\young hwa park\Desktop\yhp\source\filelive_development_stage\filelive_5.0.0\filelive_4.0-master\monitoring\solRTMP_filelive_monitoring.js:1509:27)
    at listOnTimeout (node:internal/timers:557:17)
    at processTimers (node:internal/timers:500:7)2022. 12. 13. 오후 4:54:54 Error: log is too short
    at parseLog (C:\Users\young hwa park\Desktop\yhp\source\filelive_development_stage\filelive_5.0.0\filelive_4.0-master\monitoring\solRTMP_filelive_monitoring.js:636:15)
    at Timeout.main [as _onTimeout] (C:\Users\young hwa park\Desktop\yhp\source\filelive_development_stage\filelive_5.0.0\filelive_4.0-master\monitoring\solRTMP_filelive_monitoring.js:1509:27)
    at listOnTimeout (node:internal/timers:557:17)
    at processTimers (node:internal/timers:500:7)2022. 12. 13. 오후 4:54:55 Error: log is too short
    at parseLog (C:\Users\young hwa park\Desktop\yhp\source\filelive_development_stage\filelive_5.0.0\filelive_4.0-master\monitoring\solRTMP_filelive_monitoring.js:636:15)
    at Timeout.main [as _onTimeout] (C:\Users\young hwa park\Desktop\yhp\source\filelive_development_stage\filelive_5.0.0\filelive_4.0-master\monitoring\solRTMP_filelive_monitoring.js:1509:27)
    at listOnTimeout (node:internal/timers:557:17)
    at processTimers (node:internal/timers:500:7)2022. 12. 13. 오후 4:54:56 Error: log is too short
    at parseLog (C:\Users\young hwa park\Desktop\yhp\source\filelive_development_stage\filelive_5.0.0\filelive_4.0-master\monitoring\solRTMP_filelive_monitoring.js:636:15)
    at Timeout.main [as _onTimeout] (C:\Users\young hwa park\Desktop\yhp\source\filelive_development_stage\filelive_5.0.0\filelive_4.0-master\monitoring\solRTMP_filelive_monitoring.js:1509:27)
    at listOnTimeout (node:internal/timers:557:17)
    at processTimers (node:internal/timers:500:7)2022. 12. 13. 오후 4:54:57 Error: log is too short
    at parseLog (C:\Users\young hwa park\Desktop\yhp\source\filelive_development_stage\filelive_5.0.0\filelive_4.0-master\monitoring\solRTMP_filelive_monitoring.js:636:15)
    at Timeout.main [as _onTimeout] (C:\Users\young hwa park\Desktop\yhp\source\filelive_development_stage\filelive_5.0.0\filelive_4.0-master\monitoring\solRTMP_filelive_monitoring.js:1509:27)
    at listOnTimeout (node:internal/timers:557:17)
    at processTimers (node:internal/timers:500:7)2022. 12. 13. 오후 4:54:58 Error: log is too short
    at parseLog (C:\Users\young hwa park\Desktop\yhp\source\filelive_development_stage\filelive_5.0.0\filelive_4.0-master\monitoring\solRTMP_filelive_monitoring.js:636:15)
    at Timeout.main [as _onTimeout] (C:\Users\young hwa park\Desktop\yhp\source\filelive_development_stage\filelive_5.0.0\filelive_4.0-master\monitoring\solRTMP_filelive_monitoring.js:1509:27)
    at listOnTimeout (node:internal/timers:557:17)
    at processTimers (node:internal/timers:500:7)2022. 12. 13. 오후 4:54:59 Error: log is too short
    at parseLog (C:\Users\young hwa park\Desktop\yhp\source\filelive_development_stage\filelive_5.0.0\filelive_4.0-master\monitoring\solRTMP_filelive_monitoring.js:636:15)
    at Timeout.main [as _onTimeout] (C:\Users\young hwa park\Desktop\yhp\source\filelive_development_stage\filelive_5.0.0\filelive_4.0-master\monitoring\solRTMP_filelive_monitoring.js:1509:27)
    at listOnTimeout (node:internal/timers:557:17)
    at processTimers (node:internal/timers:500:7)2022. 12. 13. 오후 4:55:00 Error: log is too short
    at parseLog (C:\Users\young hwa park\Desktop\yhp\source\filelive_development_stage\filelive_5.0.0\filelive_4.0-master\monitoring\solRTMP_filelive_monitoring.js:636:15)
    at Timeout.main [as _onTimeout] (C:\Users\young hwa park\Desktop\yhp\source\filelive_development_stage\filelive_5.0.0\filelive_4.0-master\monitoring\solRTMP_filelive_monitoring.js:1509:27)
    at listOnTimeout (node:internal/timers:557:17)
    at processTimers (node:internal/timers:500:7)2022. 12. 13. 오후 4:55:01 Error: log is too short
    at parseLog (C:\Users\young hwa park\Desktop\yhp\source\filelive_development_stage\filelive_5.0.0\filelive_4.0-master\monitoring\solRTMP_filelive_monitoring.js:636:15)
    at Timeout.main [as _onTimeout] (C:\Users\young hwa park\Desktop\yhp\source\filelive_development_stage\filelive_5.0.0\filelive_4.0-master\monitoring\solRTMP_filelive_monitoring.js:1509:27)
    at listOnTimeout (node:internal/timers:557:17)
    at processTimers (node:internal/timers:500:7)2022. 12. 13. 오후 4:55:02 Error: log is too short
    at parseLog (C:\Users\young hwa park\Desktop\yhp\source\filelive_development_stage\filelive_5.0.0\filelive_4.0-master\monitoring\solRTMP_filelive_monitoring.js:636:15)
    at Timeout.main [as _onTimeout] (C:\Users\young hwa park\Desktop\yhp\source\filelive_development_stage\filelive_5.0.0\filelive_4.0-master\monitoring\solRTMP_filelive_monitoring.js:1509:27)
    at listOnTimeout (node:internal/timers:557:17)
    at processTimers (node:internal/timers:500:7)2022. 12. 13. 오후 4:55:03 Error: log is too short
    at parseLog (C:\Users\young hwa park\Desktop\yhp\source\filelive_development_stage\filelive_5.0.0\filelive_4.0-master\monitoring\solRTMP_filelive_monitoring.js:636:15)
    at Timeout.main [as _onTimeout] (C:\Users\young hwa park\Desktop\yhp\source\filelive_development_stage\filelive_5.0.0\filelive_4.0-master\monitoring\solRTMP_filelive_monitoring.js:1509:27)
    at listOnTimeout (node:internal/timers:557:17)
    at processTimers (node:internal/timers:500:7)2022. 12. 13. 오후 4:55:04 Error: log is too short
    at parseLog (C:\Users\young hwa park\Desktop\yhp\source\filelive_development_stage\filelive_5.0.0\filelive_4.0-master\monitoring\solRTMP_filelive_monitoring.js:636:15)
    at Timeout.main [as _onTimeout] (C:\Users\young hwa park\Desktop\yhp\source\filelive_development_stage\filelive_5.0.0\filelive_4.0-master\monitoring\solRTMP_filelive_monitoring.js:1509:27)
    at listOnTimeout (node:internal/timers:557:17)
    at processTimers (node:internal/timers:500:7)2022. 12. 13. 오후 4:55:05 Error: log is too short
    at parseLog (C:\Users\young hwa park\Desktop\yhp\source\filelive_development_stage\filelive_5.0.0\filelive_4.0-master\monitoring\solRTMP_filelive_monitoring.js:636:15)
    at Timeout.main [as _onTimeout] (C:\Users\young hwa park\Desktop\yhp\source\filelive_development_stage\filelive_5.0.0\filelive_4.0-master\monitoring\solRTMP_filelive_monitoring.js:1509:27)
    at listOnTimeout (node:internal/timers:557:17)
    at processTimers (node:internal/timers:500:7)2022. 12. 13. 오후 4:55:06 Error: log is too short
    at parseLog (C:\Users\young hwa park\Desktop\yhp\source\filelive_development_stage\filelive_5.0.0\filelive_4.0-master\monitoring\solRTMP_filelive_monitoring.js:636:15)
    at Timeout.main [as _onTimeout] (C:\Users\young hwa park\Desktop\yhp\source\filelive_development_stage\filelive_5.0.0\filelive_4.0-master\monitoring\solRTMP_filelive_monitoring.js:1509:27)
    at listOnTimeout (node:internal/timers:557:17)
    at processTimers (node:internal/timers:500:7)2022. 12. 13. 오후 4:55:07 Error: log is too short
    at parseLog (C:\Users\young hwa park\Desktop\yhp\source\filelive_development_stage\filelive_5.0.0\filelive_4.0-master\monitoring\solRTMP_filelive_monitoring.js:636:15)
    at Timeout.main [as _onTimeout] (C:\Users\young hwa park\Desktop\yhp\source\filelive_development_stage\filelive_5.0.0\filelive_4.0-master\monitoring\solRTMP_filelive_monitoring.js:1509:27)
    at listOnTimeout (node:internal/timers:557:17)
    at processTimers (node:internal/timers:500:7)2022. 12. 13. 오후 4:55:08 Error: log is too short
    at parseLog (C:\Users\young hwa park\Desktop\yhp\source\filelive_development_stage\filelive_5.0.0\filelive_4.0-master\monitoring\solRTMP_filelive_monitoring.js:636:15)
    at Timeout.main [as _onTimeout] (C:\Users\young hwa park\Desktop\yhp\source\filelive_development_stage\filelive_5.0.0\filelive_4.0-master\monitoring\solRTMP_filelive_monitoring.js:1509:27)
    at listOnTimeout (node:internal/timers:557:17)
    at processTimers (node:internal/timers:500:7)2022. 12. 13. 오후 4:55:09 Error: log is too short
    at parseLog (C:\Users\young hwa park\Desktop\yhp\source\filelive_development_stage\filelive_5.0.0\filelive_4.0-master\monitoring\solRTMP_filelive_monitoring.js:636:15)
    at Timeout.main [as _onTimeout] (C:\Users\young hwa park\Desktop\yhp\source\filelive_development_stage\filelive_5.0.0\filelive_4.0-master\monitoring\solRTMP_filelive_monitoring.js:1509:27)
    at listOnTimeout (node:internal/timers:557:17)
    at processTimers (node:internal/timers:500:7)2022. 12. 13. 오후 4:55:10 Error: log is too short
    at parseLog (C:\Users\young hwa park\Desktop\yhp\source\filelive_development_stage\filelive_5.0.0\filelive_4.0-master\monitoring\solRTMP_filelive_monitoring.js:636:15)
    at Timeout.main [as _onTimeout] (C:\Users\young hwa park\Desktop\yhp\source\filelive_development_stage\filelive_5.0.0\filelive_4.0-master\monitoring\solRTMP_filelive_monitoring.js:1509:27)
    at listOnTimeout (node:internal/timers:557:17)
    at processTimers (node:internal/timers:500:7)2022. 12. 13. 오후 4:55:11 Error: log is too short
    at parseLog (C:\Users\young hwa park\Desktop\yhp\source\filelive_development_stage\filelive_5.0.0\filelive_4.0-master\monitoring\solRTMP_filelive_monitoring.js:636:15)
    at Timeout.main [as _onTimeout] (C:\Users\young hwa park\Desktop\yhp\source\filelive_development_stage\filelive_5.0.0\filelive_4.0-master\monitoring\solRTMP_filelive_monitoring.js:1509:27)
    at listOnTimeout (node:internal/timers:557:17)
    at processTimers (node:internal/timers:500:7)2022. 12. 13. 오후 4:55:12 Error: log is too short
    at parseLog (C:\Users\young hwa park\Desktop\yhp\source\filelive_development_stage\filelive_5.0.0\filelive_4.0-master\monitoring\solRTMP_filelive_monitoring.js:636:15)
    at Timeout.main [as _onTimeout] (C:\Users\young hwa park\Desktop\yhp\source\filelive_development_stage\filelive_5.0.0\filelive_4.0-master\monitoring\solRTMP_filelive_monitoring.js:1509:27)
    at listOnTimeout (node:internal/timers:557:17)
    at processTimers (node:internal/timers:500:7)2022. 12. 13. 오후 4:55:13 Error: log is too short
    at parseLog (C:\Users\young hwa park\Desktop\yhp\source\filelive_development_stage\filelive_5.0.0\filelive_4.0-master\monitoring\solRTMP_filelive_monitoring.js:636:15)
    at Timeout.main [as _onTimeout] (C:\Users\young hwa park\Desktop\yhp\source\filelive_development_stage\filelive_5.0.0\filelive_4.0-master\monitoring\solRTMP_filelive_monitoring.js:1509:27)
    at listOnTimeout (node:internal/timers:557:17)
    at processTimers (node:internal/timers:500:7)2022. 12. 13. 오후 4:55:14 Error: log is too short
    at parseLog (C:\Users\young hwa park\Desktop\yhp\source\filelive_development_stage\filelive_5.0.0\filelive_4.0-master\monitoring\solRTMP_filelive_monitoring.js:636:15)
    at Timeout.main [as _onTimeout] (C:\Users\young hwa park\Desktop\yhp\source\filelive_development_stage\filelive_5.0.0\filelive_4.0-master\monitoring\solRTMP_filelive_monitoring.js:1509:27)
    at listOnTimeout (node:internal/timers:557:17)
    at processTimers (node:internal/timers:500:7)2022. 12. 13. 오후 4:55:15 Error: log is too short
    at parseLog (C:\Users\young hwa park\Desktop\yhp\source\filelive_development_stage\filelive_5.0.0\filelive_4.0-master\monitoring\solRTMP_filelive_monitoring.js:636:15)
    at Timeout.main [as _onTimeout] (C:\Users\young hwa park\Desktop\yhp\source\filelive_development_stage\filelive_5.0.0\filelive_4.0-master\monitoring\solRTMP_filelive_monitoring.js:1509:27)
    at listOnTimeout (node:internal/timers:557:17)
    at processTimers (node:internal/timers:500:7)2022. 12. 13. 오후 4:55:16 Error: log is too short
    at parseLog (C:\Users\young hwa park\Desktop\yhp\source\filelive_development_stage\filelive_5.0.0\filelive_4.0-master\monitoring\solRTMP_filelive_monitoring.js:636:15)
    at Timeout.main [as _onTimeout] (C:\Users\young hwa park\Desktop\yhp\source\filelive_development_stage\filelive_5.0.0\filelive_4.0-master\monitoring\solRTMP_filelive_monitoring.js:1509:27)
    at listOnTimeout (node:internal/timers:557:17)
    at processTimers (node:internal/timers:500:7)2022. 12. 13. 오후 4:55:17 Error: log is too short
    at parseLog (C:\Users\young hwa park\Desktop\yhp\source\filelive_development_stage\filelive_5.0.0\filelive_4.0-master\monitoring\solRTMP_filelive_monitoring.js:636:15)
    at Timeout.main [as _onTimeout] (C:\Users\young hwa park\Desktop\yhp\source\filelive_development_stage\filelive_5.0.0\filelive_4.0-master\monitoring\solRTMP_filelive_monitoring.js:1509:27)
    at listOnTimeout (node:internal/timers:557:17)
    at processTimers (node:internal/timers:500:7)2022. 12. 13. 오후 4:55:18 Error: log is too short
    at parseLog (C:\Users\young hwa park\Desktop\yhp\source\filelive_development_stage\filelive_5.0.0\filelive_4.0-master\monitoring\solRTMP_filelive_monitoring.js:636:15)
    at Timeout.main [as _onTimeout] (C:\Users\young hwa park\Desktop\yhp\source\filelive_development_stage\filelive_5.0.0\filelive_4.0-master\monitoring\solRTMP_filelive_monitoring.js:1509:27)
    at listOnTimeout (node:internal/timers:557:17)
    at processTimers (node:internal/timers:500:7)2022. 12. 13. 오후 4:55:19 Error: log is too short
    at parseLog (C:\Users\young hwa park\Desktop\yhp\source\filelive_development_stage\filelive_5.0.0\filelive_4.0-master\monitoring\solRTMP_filelive_monitoring.js:636:15)
    at Timeout.main [as _onTimeout] (C:\Users\young hwa park\Desktop\yhp\source\filelive_development_stage\filelive_5.0.0\filelive_4.0-master\monitoring\solRTMP_filelive_monitoring.js:1509:27)
    at listOnTimeout (node:internal/timers:557:17)
    at processTimers (node:internal/timers:500:7)2022. 12. 13. 오후 4:55:20 Error: log is too short
    at parseLog (C:\Users\young hwa park\Desktop\yhp\source\filelive_development_stage\filelive_5.0.0\filelive_4.0-master\monitoring\solRTMP_filelive_monitoring.js:636:15)
    at Timeout.main [as _onTimeout] (C:\Users\young hwa park\Desktop\yhp\source\filelive_development_stage\filelive_5.0.0\filelive_4.0-master\monitoring\solRTMP_filelive_monitoring.js:1509:27)
    at listOnTimeout (node:internal/timers:557:17)
    at processTimers (node:internal/timers:500:7)2022. 12. 13. 오후 4:55:21 Error: log is too short
    at parseLog (C:\Users\young hwa park\Desktop\yhp\source\filelive_development_stage\filelive_5.0.0\filelive_4.0-master\monitoring\solRTMP_filelive_monitoring.js:636:15)
    at Timeout.main [as _onTimeout] (C:\Users\young hwa park\Desktop\yhp\source\filelive_development_stage\filelive_5.0.0\filelive_4.0-master\monitoring\solRTMP_filelive_monitoring.js:1509:27)
    at listOnTimeout (node:internal/timers:557:17)
    at processTimers (node:internal/timers:500:7)2022. 12. 13. 오후 4:55:22 Error: log is too short
    at parseLog (C:\Users\young hwa park\Desktop\yhp\source\filelive_development_stage\filelive_5.0.0\filelive_4.0-master\monitoring\solRTMP_filelive_monitoring.js:636:15)
    at Timeout.main [as _onTimeout] (C:\Users\young hwa park\Desktop\yhp\source\filelive_development_stage\filelive_5.0.0\filelive_4.0-master\monitoring\solRTMP_filelive_monitoring.js:1509:27)
    at listOnTimeout (node:internal/timers:557:17)
    at processTimers (node:internal/timers:500:7)2022. 12. 13. 오후 4:55:23 Error: log is too short
    at parseLog (C:\Users\young hwa park\Desktop\yhp\source\filelive_development_stage\filelive_5.0.0\filelive_4.0-master\monitoring\solRTMP_filelive_monitoring.js:636:15)
    at Timeout.main [as _onTimeout] (C:\Users\young hwa park\Desktop\yhp\source\filelive_development_stage\filelive_5.0.0\filelive_4.0-master\monitoring\solRTMP_filelive_monitoring.js:1509:27)
    at listOnTimeout (node:internal/timers:557:17)
    at processTimers (node:internal/timers:500:7)2022. 12. 13. 오후 4:55:24 Error: log is too short
    at parseLog (C:\Users\young hwa park\Desktop\yhp\source\filelive_development_stage\filelive_5.0.0\filelive_4.0-master\monitoring\solRTMP_filelive_monitoring.js:636:15)
    at Timeout.main [as _onTimeout] (C:\Users\young hwa park\Desktop\yhp\source\filelive_development_stage\filelive_5.0.0\filelive_4.0-master\monitoring\solRTMP_filelive_monitoring.js:1509:27)
    at listOnTimeout (node:internal/timers:557:17)
    at processTimers (node:internal/timers:500:7)2022. 12. 13. 오후 4:55:25 Error: log is too short
    at parseLog (C:\Users\young hwa park\Desktop\yhp\source\filelive_development_stage\filelive_5.0.0\filelive_4.0-master\monitoring\solRTMP_filelive_monitoring.js:636:15)
    at Timeout.main [as _onTimeout] (C:\Users\young hwa park\Desktop\yhp\source\filelive_development_stage\filelive_5.0.0\filelive_4.0-master\monitoring\solRTMP_filelive_monitoring.js:1509:27)
    at listOnTimeout (node:internal/timers:557:17)
    at processTimers (node:internal/timers:500:7)2022. 12. 13. 오후 4:55:26 Error: log is too short
    at parseLog (C:\Users\young hwa park\Desktop\yhp\source\filelive_development_stage\filelive_5.0.0\filelive_4.0-master\monitoring\solRTMP_filelive_monitoring.js:636:15)
    at Timeout.main [as _onTimeout] (C:\Users\young hwa park\Desktop\yhp\source\filelive_development_stage\filelive_5.0.0\filelive_4.0-master\monitoring\solRTMP_filelive_monitoring.js:1509:27)
    at listOnTimeout (node:internal/timers:557:17)
    at processTimers (node:internal/timers:500:7)2022. 12. 13. 오후 4:55:27 Error: log is too short
    at parseLog (C:\Users\young hwa park\Desktop\yhp\source\filelive_development_stage\filelive_5.0.0\filelive_4.0-master\monitoring\solRTMP_filelive_monitoring.js:636:15)
    at Timeout.main [as _onTimeout] (C:\Users\young hwa park\Desktop\yhp\source\filelive_development_stage\filelive_5.0.0\filelive_4.0-master\monitoring\solRTMP_filelive_monitoring.js:1509:27)
    at listOnTimeout (node:internal/timers:557:17)
    at processTimers (node:internal/timers:500:7)2022. 12. 13. 오후 4:55:28 Error: log is too short
    at parseLog (C:\Users\young hwa park\Desktop\yhp\source\filelive_development_stage\filelive_5.0.0\filelive_4.0-master\monitoring\solRTMP_filelive_monitoring.js:636:15)
    at Timeout.main [as _onTimeout] (C:\Users\young hwa park\Desktop\yhp\source\filelive_development_stage\filelive_5.0.0\filelive_4.0-master\monitoring\solRTMP_filelive_monitoring.js:1509:27)
    at listOnTimeout (node:internal/timers:557:17)
    at processTimers (node:internal/timers:500:7)2022. 12. 13. 오후 4:55:29 Error: log is too short
    at parseLog (C:\Users\young hwa park\Desktop\yhp\source\filelive_development_stage\filelive_5.0.0\filelive_4.0-master\monitoring\solRTMP_filelive_monitoring.js:636:15)
    at Timeout.main [as _onTimeout] (C:\Users\young hwa park\Desktop\yhp\source\filelive_development_stage\filelive_5.0.0\filelive_4.0-master\monitoring\solRTMP_filelive_monitoring.js:1509:27)
    at listOnTimeout (node:internal/timers:557:17)
    at processTimers (node:internal/timers:500:7)2022. 12. 13. 오후 4:55:30 Error: log is too short
    at parseLog (C:\Users\young hwa park\Desktop\yhp\source\filelive_development_stage\filelive_5.0.0\filelive_4.0-master\monitoring\solRTMP_filelive_monitoring.js:636:15)
    at main (C:\Users\young hwa park\Desktop\yhp\source\filelive_development_stage\filelive_5.0.0\filelive_4.0-master\monitoring\solRTMP_filelive_monitoring.js:1509:27)
    at Object.<anonymous> (C:\Users\young hwa park\Desktop\yhp\source\filelive_development_stage\filelive_5.0.0\filelive_4.0-master\monitoring\solRTMP_filelive_monitoring.js:1533:1)
    at Module._compile (node:internal/modules/cjs/loader:1101:14)
    at Object.Module._extensions..js (node:internal/modules/cjs/loader:1153:10)
    at Module.load (node:internal/modules/cjs/loader:981:32)
    at Function.Module._load (node:internal/modules/cjs/loader:822:12)
    at Function.executeUserEntryPoint [as runMain] (node:internal/modules/run_main:81:12)
    at node:internal/main/run_main_module:17:47
2022. 12. 13. 오후 4:55:31 Error: log is too short
    at parseLog (C:\Users\young hwa park\Desktop\yhp\source\filelive_development_stage\filelive_5.0.0\filelive_4.0-master\monitoring\solRTMP_filelive_monitoring.js:636:15)
    at Timeout.main [as _onTimeout] (C:\Users\young hwa park\Desktop\yhp\source\filelive_development_stage\filelive_5.0.0\filelive_4.0-master\monitoring\solRTMP_filelive_monitoring.js:1509:27)
    at listOnTimeout (node:internal/timers:557:17)
    at processTimers (node:internal/timers:500:7)
2022. 12. 13. 오후 4:55:32 Error: log is too short
    at parseLog (C:\Users\young hwa park\Desktop\yhp\source\filelive_development_stage\filelive_5.0.0\filelive_4.0-master\monitoring\solRTMP_filelive_monitoring.js:636:15)
    at Timeout.main [as _onTimeout] (C:\Users\young hwa park\Desktop\yhp\source\filelive_development_stage\filelive_5.0.0\filelive_4.0-master\monitoring\solRTMP_filelive_monitoring.js:1509:27)
    at listOnTimeout (node:internal/timers:557:17)
    at processTimers (node:internal/timers:500:7)
2022. 12. 13. 오후 4:55:33 Error: log is too short
    at parseLog (C:\Users\young hwa park\Desktop\yhp\source\filelive_development_stage\filelive_5.0.0\filelive_4.0-master\monitoring\solRTMP_filelive_monitoring.js:636:15)
    at Timeout.main [as _onTimeout] (C:\Users\young hwa park\Desktop\yhp\source\filelive_development_stage\filelive_5.0.0\filelive_4.0-master\monitoring\solRTMP_filelive_monitoring.js:1509:27)
    at listOnTimeout (node:internal/timers:557:17)
    at processTimers (node:internal/timers:500:7)
2022. 12. 13. 오후 4:55:34 Error: log is too short
    at parseLog (C:\Users\young hwa park\Desktop\yhp\source\filelive_development_stage\filelive_5.0.0\filelive_4.0-master\monitoring\solRTMP_filelive_monitoring.js:636:15)
    at Timeout.main [as _onTimeout] (C:\Users\young hwa park\Desktop\yhp\source\filelive_development_stage\filelive_5.0.0\filelive_4.0-master\monitoring\solRTMP_filelive_monitoring.js:1509:27)
    at listOnTimeout (node:internal/timers:557:17)
    at processTimers (node:internal/timers:500:7)
2022. 12. 13. 오후 4:55:35 Error: log is too short
    at parseLog (C:\Users\young hwa park\Desktop\yhp\source\filelive_development_stage\filelive_5.0.0\filelive_4.0-master\monitoring\solRTMP_filelive_monitoring.js:636:15)
    at Timeout.main [as _onTimeout] (C:\Users\young hwa park\Desktop\yhp\source\filelive_development_stage\filelive_5.0.0\filelive_4.0-master\monitoring\solRTMP_filelive_monitoring.js:1509:27)
    at listOnTimeout (node:internal/timers:557:17)
    at processTimers (node:internal/timers:500:7)
2022. 12. 13. 오후 4:55:36 Error: log is too short
    at parseLog (C:\Users\young hwa park\Desktop\yhp\source\filelive_development_stage\filelive_5.0.0\filelive_4.0-master\monitoring\solRTMP_filelive_monitoring.js:636:15)
    at Timeout.main [as _onTimeout] (C:\Users\young hwa park\Desktop\yhp\source\filelive_development_stage\filelive_5.0.0\filelive_4.0-master\monitoring\solRTMP_filelive_monitoring.js:1509:27)
    at listOnTimeout (node:internal/timers:557:17)
    at processTimers (node:internal/timers:500:7)
2022. 12. 13. 오후 4:55:37 Error: log is too short
    at parseLog (C:\Users\young hwa park\Desktop\yhp\source\filelive_development_stage\filelive_5.0.0\filelive_4.0-master\monitoring\solRTMP_filelive_monitoring.js:636:15)
    at Timeout.main [as _onTimeout] (C:\Users\young hwa park\Desktop\yhp\source\filelive_development_stage\filelive_5.0.0\filelive_4.0-master\monitoring\solRTMP_filelive_monitoring.js:1509:27)
    at listOnTimeout (node:internal/timers:557:17)
    at processTimers (node:internal/timers:500:7)
2022. 12. 13. 오후 4:55:38 Error: log is too short
    at parseLog (C:\Users\young hwa park\Desktop\yhp\source\filelive_development_stage\filelive_5.0.0\filelive_4.0-master\monitoring\solRTMP_filelive_monitoring.js:636:15)
    at Timeout.main [as _onTimeout] (C:\Users\young hwa park\Desktop\yhp\source\filelive_development_stage\filelive_5.0.0\filelive_4.0-master\monitoring\solRTMP_filelive_monitoring.js:1509:27)
    at listOnTimeout (node:internal/timers:557:17)
    at processTimers (node:internal/timers:500:7)
2022. 12. 13. 오후 4:55:39 Error: log is too short
    at parseLog (C:\Users\young hwa park\Desktop\yhp\source\filelive_development_stage\filelive_5.0.0\filelive_4.0-master\monitoring\solRTMP_filelive_monitoring.js:636:15)
    at Timeout.main [as _onTimeout] (C:\Users\young hwa park\Desktop\yhp\source\filelive_development_stage\filelive_5.0.0\filelive_4.0-master\monitoring\solRTMP_filelive_monitoring.js:1509:27)
    at listOnTimeout (node:internal/timers:557:17)
    at processTimers (node:internal/timers:500:7)
2022. 12. 13. 오후 4:55:40 Error: log is too short
    at parseLog (C:\Users\young hwa park\Desktop\yhp\source\filelive_development_stage\filelive_5.0.0\filelive_4.0-master\monitoring\solRTMP_filelive_monitoring.js:636:15)
    at Timeout.main [as _onTimeout] (C:\Users\young hwa park\Desktop\yhp\source\filelive_development_stage\filelive_5.0.0\filelive_4.0-master\monitoring\solRTMP_filelive_monitoring.js:1509:27)
    at listOnTimeout (node:internal/timers:557:17)
    at processTimers (node:internal/timers:500:7)
2022. 12. 13. 오후 4:55:41 Error: log is too short
    at parseLog (C:\Users\young hwa park\Desktop\yhp\source\filelive_development_stage\filelive_5.0.0\filelive_4.0-master\monitoring\solRTMP_filelive_monitoring.js:636:15)
    at Timeout.main [as _onTimeout] (C:\Users\young hwa park\Desktop\yhp\source\filelive_development_stage\filelive_5.0.0\filelive_4.0-master\monitoring\solRTMP_filelive_monitoring.js:1509:27)
    at listOnTimeout (node:internal/timers:557:17)
    at processTimers (node:internal/timers:500:7)
2022. 12. 13. 오후 4:55:42 Error: log is too short
    at parseLog (C:\Users\young hwa park\Desktop\yhp\source\filelive_development_stage\filelive_5.0.0\filelive_4.0-master\monitoring\solRTMP_filelive_monitoring.js:636:15)
    at Timeout.main [as _onTimeout] (C:\Users\young hwa park\Desktop\yhp\source\filelive_development_stage\filelive_5.0.0\filelive_4.0-master\monitoring\solRTMP_filelive_monitoring.js:1509:27)
    at listOnTimeout (node:internal/timers:557:17)
    at processTimers (node:internal/timers:500:7)
2022. 12. 13. 오후 4:55:43 Error: log is too short
    at parseLog (C:\Users\young hwa park\Desktop\yhp\source\filelive_development_stage\filelive_5.0.0\filelive_4.0-master\monitoring\solRTMP_filelive_monitoring.js:636:15)
    at Timeout.main [as _onTimeout] (C:\Users\young hwa park\Desktop\yhp\source\filelive_development_stage\filelive_5.0.0\filelive_4.0-master\monitoring\solRTMP_filelive_monitoring.js:1509:27)
    at listOnTimeout (node:internal/timers:557:17)
    at processTimers (node:internal/timers:500:7)
2022. 12. 13. 오후 4:55:44 Error: log is too short
    at parseLog (C:\Users\young hwa park\Desktop\yhp\source\filelive_development_stage\filelive_5.0.0\filelive_4.0-master\monitoring\solRTMP_filelive_monitoring.js:636:15)
    at Timeout.main [as _onTimeout] (C:\Users\young hwa park\Desktop\yhp\source\filelive_development_stage\filelive_5.0.0\filelive_4.0-master\monitoring\solRTMP_filelive_monitoring.js:1509:27)
    at listOnTimeout (node:internal/timers:557:17)
    at processTimers (node:internal/timers:500:7)
2022. 12. 13. 오후 4:55:45 Error: log is too short
    at parseLog (C:\Users\young hwa park\Desktop\yhp\source\filelive_development_stage\filelive_5.0.0\filelive_4.0-master\monitoring\solRTMP_filelive_monitoring.js:636:15)
    at Timeout.main [as _onTimeout] (C:\Users\young hwa park\Desktop\yhp\source\filelive_development_stage\filelive_5.0.0\filelive_4.0-master\monitoring\solRTMP_filelive_monitoring.js:1509:27)
    at listOnTimeout (node:internal/timers:557:17)
    at processTimers (node:internal/timers:500:7)
2022. 12. 13. 오후 4:55:46 Error: log is too short
    at parseLog (C:\Users\young hwa park\Desktop\yhp\source\filelive_development_stage\filelive_5.0.0\filelive_4.0-master\monitoring\solRTMP_filelive_monitoring.js:636:15)
    at Timeout.main [as _onTimeout] (C:\Users\young hwa park\Desktop\yhp\source\filelive_development_stage\filelive_5.0.0\filelive_4.0-master\monitoring\solRTMP_filelive_monitoring.js:1509:27)
    at listOnTimeout (node:internal/timers:557:17)
    at processTimers (node:internal/timers:500:7)
2022. 12. 13. 오후 4:55:47 Error: log is too short
    at parseLog (C:\Users\young hwa park\Desktop\yhp\source\filelive_development_stage\filelive_5.0.0\filelive_4.0-master\monitoring\solRTMP_filelive_monitoring.js:636:15)
    at Timeout.main [as _onTimeout] (C:\Users\young hwa park\Desktop\yhp\source\filelive_development_stage\filelive_5.0.0\filelive_4.0-master\monitoring\solRTMP_filelive_monitoring.js:1509:27)
    at listOnTimeout (node:internal/timers:557:17)
    at processTimers (node:internal/timers:500:7)
2022. 12. 13. 오후 4:55:48 Error: log is too short
    at parseLog (C:\Users\young hwa park\Desktop\yhp\source\filelive_development_stage\filelive_5.0.0\filelive_4.0-master\monitoring\solRTMP_filelive_monitoring.js:636:15)
    at Timeout.main [as _onTimeout] (C:\Users\young hwa park\Desktop\yhp\source\filelive_development_stage\filelive_5.0.0\filelive_4.0-master\monitoring\solRTMP_filelive_monitoring.js:1509:27)
    at listOnTimeout (node:internal/timers:557:17)
    at processTimers (node:internal/timers:500:7)
2022. 12. 13. 오후 6:11:58 TypeError: Cannot read properties of undefined (reading 'length')
    at detectPluto (C:\Users\young hwa park\Desktop\yhp\source\filelive_development_stage\filelive_5.0.0\filelive_4.0-master\monitoring\solRTMP_filelive_monitoring.js:1305:38)
    at main (C:\Users\young hwa park\Desktop\yhp\source\filelive_development_stage\filelive_5.0.0\filelive_4.0-master\monitoring\solRTMP_filelive_monitoring.js:1521:13)
    at Object.<anonymous> (C:\Users\young hwa park\Desktop\yhp\source\filelive_development_stage\filelive_5.0.0\filelive_4.0-master\monitoring\solRTMP_filelive_monitoring.js:1535:1)
    at Module._compile (node:internal/modules/cjs/loader:1101:14)
    at Object.Module._extensions..js (node:internal/modules/cjs/loader:1153:10)
    at Module.load (node:internal/modules/cjs/loader:981:32)
    at Function.Module._load (node:internal/modules/cjs/loader:822:12)
    at Function.executeUserEntryPoint [as runMain] (node:internal/modules/run_main:81:12)
    at node:internal/main/run_main_module:17:47
2022. 12. 13. 오후 6:12:00 TypeError: Cannot read properties of undefined (reading 'length')
    at detectPluto (C:\Users\young hwa park\Desktop\yhp\source\filelive_development_stage\filelive_5.0.0\filelive_4.0-master\monitoring\solRTMP_filelive_monitoring.js:1305:38)
    at Timeout.main [as _onTimeout] (C:\Users\young hwa park\Desktop\yhp\source\filelive_development_stage\filelive_5.0.0\filelive_4.0-master\monitoring\solRTMP_filelive_monitoring.js:1521:13)
    at listOnTimeout (node:internal/timers:557:17)
    at processTimers (node:internal/timers:500:7)
2022. 12. 13. 오후 6:12:00 TypeError: Cannot read properties of undefined (reading 'length')
    at detectPluto (C:\Users\young hwa park\Desktop\yhp\source\filelive_development_stage\filelive_5.0.0\filelive_4.0-master\monitoring\solRTMP_filelive_monitoring.js:1305:38)
    at Timeout.main [as _onTimeout] (C:\Users\young hwa park\Desktop\yhp\source\filelive_development_stage\filelive_5.0.0\filelive_4.0-master\monitoring\solRTMP_filelive_monitoring.js:1521:13)
    at listOnTimeout (node:internal/timers:557:17)
    at processTimers (node:internal/timers:500:7)
2022. 12. 13. 오후 6:12:02 TypeError: Cannot read properties of undefined (reading 'length')
    at detectPluto (C:\Users\young hwa park\Desktop\yhp\source\filelive_development_stage\filelive_5.0.0\filelive_4.0-master\monitoring\solRTMP_filelive_monitoring.js:1305:38)
    at Timeout.main [as _onTimeout] (C:\Users\young hwa park\Desktop\yhp\source\filelive_development_stage\filelive_5.0.0\filelive_4.0-master\monitoring\solRTMP_filelive_monitoring.js:1521:13)
    at listOnTimeout (node:internal/timers:557:17)
    at processTimers (node:internal/timers:500:7)
2022. 12. 13. 오후 6:12:03 TypeError: Cannot read properties of undefined (reading 'length')
    at detectPluto (C:\Users\young hwa park\Desktop\yhp\source\filelive_development_stage\filelive_5.0.0\filelive_4.0-master\monitoring\solRTMP_filelive_monitoring.js:1305:38)
    at Timeout.main [as _onTimeout] (C:\Users\young hwa park\Desktop\yhp\source\filelive_development_stage\filelive_5.0.0\filelive_4.0-master\monitoring\solRTMP_filelive_monitoring.js:1521:13)
    at listOnTimeout (node:internal/timers:557:17)
    at processTimers (node:internal/timers:500:7)
2022. 12. 13. 오후 6:12:04 TypeError: Cannot read properties of undefined (reading 'length')
    at detectPluto (C:\Users\young hwa park\Desktop\yhp\source\filelive_development_stage\filelive_5.0.0\filelive_4.0-master\monitoring\solRTMP_filelive_monitoring.js:1305:38)
    at Timeout.main [as _onTimeout] (C:\Users\young hwa park\Desktop\yhp\source\filelive_development_stage\filelive_5.0.0\filelive_4.0-master\monitoring\solRTMP_filelive_monitoring.js:1521:13)
    at listOnTimeout (node:internal/timers:557:17)
    at processTimers (node:internal/timers:500:7)
2022. 12. 13. 오후 6:12:05 TypeError: Cannot read properties of undefined (reading 'length')
    at detectPluto (C:\Users\young hwa park\Desktop\yhp\source\filelive_development_stage\filelive_5.0.0\filelive_4.0-master\monitoring\solRTMP_filelive_monitoring.js:1305:38)
    at Timeout.main [as _onTimeout] (C:\Users\young hwa park\Desktop\yhp\source\filelive_development_stage\filelive_5.0.0\filelive_4.0-master\monitoring\solRTMP_filelive_monitoring.js:1521:13)
    at listOnTimeout (node:internal/timers:557:17)
    at processTimers (node:internal/timers:500:7)
2022. 12. 13. 오후 6:12:06 TypeError: Cannot read properties of undefined (reading 'length')
    at detectPluto (C:\Users\young hwa park\Desktop\yhp\source\filelive_development_stage\filelive_5.0.0\filelive_4.0-master\monitoring\solRTMP_filelive_monitoring.js:1305:38)
    at Timeout.main [as _onTimeout] (C:\Users\young hwa park\Desktop\yhp\source\filelive_development_stage\filelive_5.0.0\filelive_4.0-master\monitoring\solRTMP_filelive_monitoring.js:1521:13)
    at listOnTimeout (node:internal/timers:557:17)
    at processTimers (node:internal/timers:500:7)
2022. 12. 13. 오후 6:12:07 TypeError: Cannot read properties of undefined (reading 'length')
    at detectPluto (C:\Users\young hwa park\Desktop\yhp\source\filelive_development_stage\filelive_5.0.0\filelive_4.0-master\monitoring\solRTMP_filelive_monitoring.js:1305:38)
    at Timeout.main [as _onTimeout] (C:\Users\young hwa park\Desktop\yhp\source\filelive_development_stage\filelive_5.0.0\filelive_4.0-master\monitoring\solRTMP_filelive_monitoring.js:1521:13)
    at listOnTimeout (node:internal/timers:557:17)
    at processTimers (node:internal/timers:500:7)
2022. 12. 13. 오후 6:12:08 TypeError: Cannot read properties of undefined (reading 'length')
    at detectPluto (C:\Users\young hwa park\Desktop\yhp\source\filelive_development_stage\filelive_5.0.0\filelive_4.0-master\monitoring\solRTMP_filelive_monitoring.js:1305:38)
    at Timeout.main [as _onTimeout] (C:\Users\young hwa park\Desktop\yhp\source\filelive_development_stage\filelive_5.0.0\filelive_4.0-master\monitoring\solRTMP_filelive_monitoring.js:1521:13)
    at listOnTimeout (node:internal/timers:557:17)
    at processTimers (node:internal/timers:500:7)
2022. 12. 13. 오후 6:12:09 TypeError: Cannot read properties of undefined (reading 'length')
    at detectPluto (C:\Users\young hwa park\Desktop\yhp\source\filelive_development_stage\filelive_5.0.0\filelive_4.0-master\monitoring\solRTMP_filelive_monitoring.js:1305:38)
    at Timeout.main [as _onTimeout] (C:\Users\young hwa park\Desktop\yhp\source\filelive_development_stage\filelive_5.0.0\filelive_4.0-master\monitoring\solRTMP_filelive_monitoring.js:1521:13)
    at listOnTimeout (node:internal/timers:557:17)
    at processTimers (node:internal/timers:500:7)
2022. 12. 13. 오후 6:12:30 TypeError: Cannot read properties of undefined (reading 'length')
    at detectPluto (C:\Users\young hwa park\Desktop\yhp\source\filelive_development_stage\filelive_5.0.0\filelive_4.0-master\monitoring\solRTMP_filelive_monitoring.js:1305:38)
    at Timeout.main [as _onTimeout] (C:\Users\young hwa park\Desktop\yhp\source\filelive_development_stage\filelive_5.0.0\filelive_4.0-master\monitoring\solRTMP_filelive_monitoring.js:1521:13)
    at listOnTimeout (node:internal/timers:557:17)
    at processTimers (node:internal/timers:500:7)
