2022-04-05 16:00:57 info media/stream.cpp 3623 stream(id=956f45fb_1285_428e_8da3_ce8c04579058/720p): schedule(schid_13_2->cocos_program_B120211171_D13/720p) started
2022-04-05 16:00:57 info media/stream.cpp 3623 stream(id=956f45fb_1285_428e_8da3_ce8c04579058/480p): schedule(schid_13_2->cocos_program_B120211171_D13/480p) started
2022-04-05 16:01:01 info media/stream.cpp 3623 stream(id=956f45fb_1285_428e_8da3_ce8c04579058/1080p): schedule(schid_13_2->cocos_program_B120211171_D13/1080p) started
plutoTV 192.168.0.64 151248c2_45a2_45a5_a31f_bb9fc72969dd 1080p -337803000 fail
plutoTV 192.168.0.64 54ac8e25_eb5a_4f10_ba20_ffb254f0a16c 1080p 6000 fail
plutoTV 192.168.0.64 eaa13423_ab8c_4fde_9fc7_5268a971ff22 1080p -32457000 fail
plutoTV 192.168.0.64 2e874342_9a2c_48e9_9066_7ab3a3284a80 1080p -2000 fail
plutoTV 192.168.0.64 e91c6419_2e45_4f6c_a646_b912658d73b8 1080p 4000 fail
plutoTV 192.168.0.64 23a98766_04e3_4a66_9467_aa8b36e32a7d 1080p -4856000 fail
plutoTV 192.168.0.64 f9d55b7b_6be1_465e_9451_05ebac892aed 1080p -47657000 fail
2022-04-05 16:00:57 info media/stream.cpp 3623 stream(id=956f45fb_1285_428e_8da3_ce8c04579058/720p): schedule(schid_13_2->cocos_program_B120211171_D13/720p) started
2022-04-05 16:00:57 info media/stream.cpp 3623 stream(id=956f45fb_1285_428e_8da3_ce8c04579058/480p): schedule(schid_13_2->cocos_program_B120211171_D13/480p) started
2022-04-05 16:01:01 info media/stream.cpp 3623 stream(id=956f45fb_1285_428e_8da3_ce8c04579058/1080p): schedule(schid_13_2->cocos_program_B120211171_D13/1080p) started
plutoTV 192.168.0.64 2e874342_9a2c_48e9_9066_7ab3a3284a80 1080p -2000 fail
plutoTV 192.168.0.64 151248c2_45a2_45a5_a31f_bb9fc72969dd 1080p -337803000 fail
plutoTV 192.168.0.64 e91c6419_2e45_4f6c_a646_b912658d73b8 1080p 4000 fail
plutoTV 192.168.0.64 eaa13423_ab8c_4fde_9fc7_5268a971ff22 1080p -32457000 fail
plutoTV 192.168.0.64 54ac8e25_eb5a_4f10_ba20_ffb254f0a16c 1080p 6000 fail
plutoTV 192.168.0.64 f9d55b7b_6be1_465e_9451_05ebac892aed 1080p -47657000 fail
plutoTV 192.168.0.64 23a98766_04e3_4a66_9467_aa8b36e32a7d 1080p -4856000 fail
2022-04-05 16:00:57 info media/stream.cpp 3623 stream(id=956f45fb_1285_428e_8da3_ce8c04579058/720p): schedule(schid_13_2->cocos_program_B120211171_D13/720p) started
2022-04-05 16:00:57 info media/stream.cpp 3623 stream(id=956f45fb_1285_428e_8da3_ce8c04579058/480p): schedule(schid_13_2->cocos_program_B120211171_D13/480p) started
2022-04-05 16:01:01 info media/stream.cpp 3623 stream(id=956f45fb_1285_428e_8da3_ce8c04579058/1080p): schedule(schid_13_2->cocos_program_B120211171_D13/1080p) started
plutoTV 192.168.0.64 151248c2_45a2_45a5_a31f_bb9fc72969dd 1080p -337803000 fail
plutoTV 192.168.0.64 eaa13423_ab8c_4fde_9fc7_5268a971ff22 1080p -32457000 fail
plutoTV 192.168.0.64 f9d55b7b_6be1_465e_9451_05ebac892aed 1080p -47657000 fail
plutoTV 192.168.0.64 54ac8e25_eb5a_4f10_ba20_ffb254f0a16c 1080p 6000 fail
plutoTV 192.168.0.64 23a98766_04e3_4a66_9467_aa8b36e32a7d 1080p -4856000 fail
plutoTV 192.168.0.64 2e874342_9a2c_48e9_9066_7ab3a3284a80 1080p -2000 fail
plutoTV 192.168.0.64 e91c6419_2e45_4f6c_a646_b912658d73b8 1080p 4000 fail
2022-04-05 16:00:57 info media/stream.cpp 3623 stream(id=956f45fb_1285_428e_8da3_ce8c04579058/720p): schedule(schid_13_2->cocos_program_B120211171_D13/720p) started
2022-04-05 16:00:57 info media/stream.cpp 3623 stream(id=956f45fb_1285_428e_8da3_ce8c04579058/480p): schedule(schid_13_2->cocos_program_B120211171_D13/480p) started
2022-04-05 16:01:01 info media/stream.cpp 3623 stream(id=956f45fb_1285_428e_8da3_ce8c04579058/1080p): schedule(schid_13_2->cocos_program_B120211171_D13/1080p) started
plutoTV 192.168.0.64 23a98766_04e3_4a66_9467_aa8b36e32a7d 1080p -4856000 fail
plutoTV 192.168.0.64 54ac8e25_eb5a_4f10_ba20_ffb254f0a16c 1080p 6000 fail
plutoTV 192.168.0.64 2e874342_9a2c_48e9_9066_7ab3a3284a80 1080p -2000 fail
plutoTV 192.168.0.64 151248c2_45a2_45a5_a31f_bb9fc72969dd 1080p -337803000 fail
plutoTV 192.168.0.64 eaa13423_ab8c_4fde_9fc7_5268a971ff22 1080p -32457000 fail
plutoTV 192.168.0.64 e91c6419_2e45_4f6c_a646_b912658d73b8 1080p 4000 fail
plutoTV 192.168.0.64 f9d55b7b_6be1_465e_9451_05ebac892aed 1080p -47657000 fail
plutoTV 192.168.0.64 2e874342_9a2c_48e9_9066_7ab3a3284a80 1080p -2000 fail
plutoTV 192.168.0.64 eaa13423_ab8c_4fde_9fc7_5268a971ff22 1080p -32457000 fail
plutoTV 192.168.0.64 23a98766_04e3_4a66_9467_aa8b36e32a7d 1080p -4856000 fail
plutoTV 192.168.0.64 151248c2_45a2_45a5_a31f_bb9fc72969dd 1080p -337803000 fail
plutoTV 192.168.0.64 54ac8e25_eb5a_4f10_ba20_ffb254f0a16c 1080p 6000 fail
plutoTV 192.168.0.64 e91c6419_2e45_4f6c_a646_b912658d73b8 1080p 4000 fail
plutoTV 192.168.0.64 f9d55b7b_6be1_465e_9451_05ebac892aed 1080p -47657000 fail
plutoTV 192.168.0.64 2e874342_9a2c_48e9_9066_7ab3a3284a80 1080p -2000 fail
plutoTV 192.168.0.64 eaa13423_ab8c_4fde_9fc7_5268a971ff22 1080p -32457000 fail
plutoTV 192.168.0.64 54ac8e25_eb5a_4f10_ba20_ffb254f0a16c 1080p 6000 fail
plutoTV 192.168.0.64 151248c2_45a2_45a5_a31f_bb9fc72969dd 1080p -337803000 fail
plutoTV 192.168.0.64 e91c6419_2e45_4f6c_a646_b912658d73b8 1080p 4000 fail
plutoTV 192.168.0.64 f9d55b7b_6be1_465e_9451_05ebac892aed 1080p -47657000 fail
plutoTV 192.168.0.64 23a98766_04e3_4a66_9467_aa8b36e32a7d 1080p -4856000 fail
plutoTV 192.168.0.64 2e874342_9a2c_48e9_9066_7ab3a3284a80 1080p -2000 fail
plutoTV 192.168.0.64 151248c2_45a2_45a5_a31f_bb9fc72969dd 1080p -337803000 fail
plutoTV 192.168.0.64 54ac8e25_eb5a_4f10_ba20_ffb254f0a16c 1080p 6000 fail
plutoTV 192.168.0.64 f9d55b7b_6be1_465e_9451_05ebac892aed 1080p -47657000 fail
plutoTV 192.168.0.64 23a98766_04e3_4a66_9467_aa8b36e32a7d 1080p -4856000 fail
plutoTV 192.168.0.64 e91c6419_2e45_4f6c_a646_b912658d73b8 1080p 4000 fail
plutoTV 192.168.0.64 eaa13423_ab8c_4fde_9fc7_5268a971ff22 1080p -32457000 fail
2022. 11. 28. 오후 12:03:28 plutoTV 192.168.0.64 54ac8e25_eb5a_4f10_ba20_ffb254f0a16c 1080p 6000 fail
2022. 11. 28. 오후 12:03:28 plutoTV 192.168.0.64 151248c2_45a2_45a5_a31f_bb9fc72969dd 1080p -337803000 fail
2022. 11. 28. 오후 12:03:28 plutoTV 192.168.0.64 2e874342_9a2c_48e9_9066_7ab3a3284a80 1080p -2000 fail
2022. 11. 28. 오후 12:03:28 plutoTV 192.168.0.64 e91c6419_2e45_4f6c_a646_b912658d73b8 1080p 4000 fail
2022. 11. 28. 오후 12:03:28 plutoTV 192.168.0.64 23a98766_04e3_4a66_9467_aa8b36e32a7d 1080p -4856000 fail
2022. 11. 28. 오후 12:03:28 plutoTV 192.168.0.64 eaa13423_ab8c_4fde_9fc7_5268a971ff22 1080p -32457000 fail
2022. 11. 28. 오후 12:03:28 plutoTV 192.168.0.64 f9d55b7b_6be1_465e_9451_05ebac892aed 1080p -47657000 fail
2022. 11. 28. 오후 2:38:00 plutoTV 192.168.0.64 16ae5fb5_3043_4e9f_8d68_f360848e1c46 1080p -301828000 fail
2022. 11. 28. 오후 2:39:45 plutoTV 192.168.0.64 16ae5fb5_3043_4e9f_8d68_f360848e1c46 1080p -301828000 fail
2022. 11. 28. 오후 2:42:17 plutoTV 192.168.0.64 2e874342_9a2c_48e9_9066_7ab3a3284a80 1080p -2000 fail
2022. 11. 28. 오후 2:42:17 plutoTV 192.168.0.64 e91c6419_2e45_4f6c_a646_b912658d73b8 1080p 4000 fail
2022. 11. 28. 오후 2:42:17 plutoTV 192.168.0.64 151248c2_45a2_45a5_a31f_bb9fc72969dd 1080p -337803000 fail
2022. 11. 28. 오후 2:42:17 plutoTV 192.168.0.64 54ac8e25_eb5a_4f10_ba20_ffb254f0a16c 1080p 6000 fail
2022. 11. 28. 오후 2:42:17 plutoTV 192.168.0.64 eaa13423_ab8c_4fde_9fc7_5268a971ff22 1080p -32457000 fail
2022. 11. 28. 오후 2:42:17 plutoTV 192.168.0.64 f9d55b7b_6be1_465e_9451_05ebac892aed 1080p -47657000 fail
2022. 11. 28. 오후 2:42:17 plutoTV 192.168.0.64 23a98766_04e3_4a66_9467_aa8b36e32a7d 1080p -4856000 fail
2022. 11. 28. 오후 4:01:59 plutoTV 192.168.0.64 bbdee46a_9840_4977_8d77_c88658513144 1080p 6000 fail
2022. 11. 28. 오후 4:01:59 plutoTV 192.168.0.64 2c56c2b9_aa3a_409e_a99b_37b01a746233 1080p 6000 fail
2022. 11. 28. 오후 4:01:59 plutoTV 192.168.0.64 36ca3c09_5d0a_4e24_b5f7_5ea059c8788f 1080p 6000 fail
TypeError: Cannot read properties of undefined (reading 'charAt')TypeError: Cannot read properties of undefined (reading 'charAt')TypeError: Cannot read properties of undefined (reading 'charAt')TypeError: Cannot read properties of undefined (reading 'charAt')TypeError: Cannot read properties of undefined (reading 'charAt')TypeError: Cannot read properties of undefined (reading 'charAt')TypeError: Cannot read properties of undefined (reading 'charAt')TypeError: Cannot read properties of undefined (reading 'charAt')TypeError: Cannot read properties of undefined (reading 'charAt')TypeError: Cannot read properties of undefined (reading 'charAt')TypeError: Cannot read properties of undefined (reading 'charAt')TypeError: Cannot read properties of undefined (reading 'charAt')2022. 11. 28. 오후 4:40:49 plutoTV 192.168.0.64 2c56c2b9_aa3a_409e_a99b_37b01a746233 1080p -10000 fail
2022. 11. 28. 오후 4:40:49 plutoTV 192.168.0.64 bbdee46a_9840_4977_8d77_c88658513144 1080p -10000 fail
2022. 11. 28. 오후 4:40:49 plutoTV 192.168.0.64 36ca3c09_5d0a_4e24_b5f7_5ea059c8788f 1080p -10000 fail


TypeError: Cannot read properties of undefined (reading 'charAt')
TypeError: Cannot read properties of undefined (reading 'charAt')
TypeError: Cannot read properties of undefined (reading 'charAt')
TypeError: Cannot read properties of undefined (reading 'charAt')
TypeError: Cannot read properties of undefined (reading 'charAt')
TypeError: Cannot read properties of undefined (reading 'charAt')
TypeError: Cannot read properties of undefined (reading 'charAt')
TypeError: Cannot read properties of undefined (reading 'charAt')
TypeError: Cannot read properties of undefined (reading 'charAt')
TypeError: Cannot read properties of undefined (reading 'charAt')
TypeError: Cannot read properties of undefined (reading 'charAt')
TypeError: Cannot read properties of undefined (reading 'charAt')
2022. 11. 28. 오후 4:42:10 plutoTV 192.168.0.64 36ca3c09_5d0a_4e24_b5f7_5ea059c8788f 1080p -10000 fail
2022. 11. 28. 오후 4:42:10 plutoTV 192.168.0.64 2c56c2b9_aa3a_409e_a99b_37b01a746233 1080p -10000 fail
2022. 11. 28. 오후 4:42:10 plutoTV 192.168.0.64 bbdee46a_9840_4977_8d77_c88658513144 1080p -10000 fail
TypeError: Cannot read properties of undefined (reading 'charAt')
TypeError: Cannot read properties of undefined (reading 'charAt')
TypeError: Cannot read properties of undefined (reading 'charAt')
TypeError: Cannot read properties of undefined (reading 'charAt')
TypeError: Cannot read properties of undefined (reading 'charAt')
TypeError: Cannot read properties of undefined (reading 'charAt')
TypeError: Cannot read properties of undefined (reading 'charAt')
TypeError: Cannot read properties of undefined (reading 'charAt')
TypeError: Cannot read properties of undefined (reading 'charAt')
TypeError: Cannot read properties of undefined (reading 'charAt')
TypeError: Cannot read properties of undefined (reading 'charAt')
TypeError: Cannot read properties of undefined (reading 'charAt')
2022. 11. 28. 오후 4:44:20 plutoTV 192.168.0.64 2c56c2b9_aa3a_409e_a99b_37b01a746233 1080p -10000 fail
2022. 11. 28. 오후 4:44:20 plutoTV 192.168.0.64 bbdee46a_9840_4977_8d77_c88658513144 1080p -10000 fail
2022. 11. 28. 오후 4:44:20 plutoTV 192.168.0.64 36ca3c09_5d0a_4e24_b5f7_5ea059c8788f 1080p -10000 fail
TypeError: Cannot read properties of undefined (reading 'charAt')
TypeError: Cannot read properties of undefined (reading 'charAt')
TypeError: Cannot read properties of undefined (reading 'charAt')
TypeError: Cannot read properties of undefined (reading 'charAt')
TypeError: Cannot read properties of undefined (reading 'charAt')
TypeError: Cannot read properties of undefined (reading 'charAt')
TypeError: Cannot read properties of undefined (reading 'charAt')
TypeError: Cannot read properties of undefined (reading 'charAt')
TypeError: Cannot read properties of undefined (reading 'charAt')
TypeError: Cannot read properties of undefined (reading 'charAt')
TypeError: Cannot read properties of undefined (reading 'charAt')
TypeError: Cannot read properties of undefined (reading 'charAt')
2022. 11. 28. 오후 4:48:39 plutoTV 192.168.0.64 36ca3c09_5d0a_4e24_b5f7_5ea059c8788f 1080p -10000 fail
2022. 11. 28. 오후 4:48:39 plutoTV 192.168.0.64 bbdee46a_9840_4977_8d77_c88658513144 1080p -10000 fail
2022. 11. 28. 오후 4:48:39 plutoTV 192.168.0.64 2c56c2b9_aa3a_409e_a99b_37b01a746233 1080p -10000 fail
TypeError: Cannot read properties of undefined (reading 'charAt')
TypeError: Cannot read properties of undefined (reading 'charAt')
TypeError: Cannot read properties of undefined (reading 'charAt')
TypeError: Cannot read properties of undefined (reading 'charAt')
TypeError: Cannot read properties of undefined (reading 'charAt')
TypeError: Cannot read properties of undefined (reading 'charAt')
TypeError: Cannot read properties of undefined (reading 'charAt')
TypeError: Cannot read properties of undefined (reading 'charAt')
TypeError: Cannot read properties of undefined (reading 'charAt')
TypeError: Cannot read properties of undefined (reading 'charAt')
TypeError: Cannot read properties of undefined (reading 'charAt')
TypeError: Cannot read properties of undefined (reading 'charAt')
2022. 11. 28. 오후 4:49:23 plutoTV 192.168.0.64 2c56c2b9_aa3a_409e_a99b_37b01a746233 1080p -10000 fail
2022. 11. 28. 오후 4:49:23 plutoTV 192.168.0.64 bbdee46a_9840_4977_8d77_c88658513144 1080p -10000 fail
2022. 11. 28. 오후 4:49:23 plutoTV 192.168.0.64 36ca3c09_5d0a_4e24_b5f7_5ea059c8788f 1080p -10000 fail
TypeError: Cannot read properties of undefined (reading 'charAt')
TypeError: Cannot read properties of undefined (reading 'charAt')
TypeError: Cannot read properties of undefined (reading 'charAt')
TypeError: Cannot read properties of undefined (reading 'charAt')
TypeError: Cannot read properties of undefined (reading 'charAt')
TypeError: Cannot read properties of undefined (reading 'charAt')
TypeError: Cannot read properties of undefined (reading 'charAt')
TypeError: Cannot read properties of undefined (reading 'charAt')
TypeError: Cannot read properties of undefined (reading 'charAt')
TypeError: Cannot read properties of undefined (reading 'charAt')
TypeError: Cannot read properties of undefined (reading 'charAt')
TypeError: Cannot read properties of undefined (reading 'charAt')
2022. 11. 28. 오후 4:50:34 plutoTV 192.168.0.64 2c56c2b9_aa3a_409e_a99b_37b01a746233 1080p -10000 fail
2022. 11. 28. 오후 4:50:34 plutoTV 192.168.0.64 bbdee46a_9840_4977_8d77_c88658513144 1080p -10000 fail
2022. 11. 28. 오후 4:50:34 plutoTV 192.168.0.64 36ca3c09_5d0a_4e24_b5f7_5ea059c8788f 1080p -10000 fail
TypeError: Cannot read properties of undefined (reading 'charAt')
TypeError: Cannot read properties of undefined (reading 'charAt')
TypeError: Cannot read properties of undefined (reading 'charAt')
TypeError: Cannot read properties of undefined (reading 'charAt')
TypeError: Cannot read properties of undefined (reading 'charAt')
TypeError: Cannot read properties of undefined (reading 'charAt')
TypeError: Cannot read properties of undefined (reading 'charAt')
TypeError: Cannot read properties of undefined (reading 'charAt')
TypeError: Cannot read properties of undefined (reading 'charAt')
TypeError: Cannot read properties of undefined (reading 'charAt')
TypeError: Cannot read properties of undefined (reading 'charAt')
TypeError: Cannot read properties of undefined (reading 'charAt')
TypeError: Cannot read properties of undefined (reading 'charAt')
TypeError: Cannot read properties of undefined (reading 'charAt')
TypeError: Cannot read properties of undefined (reading 'charAt')
TypeError: Cannot read properties of undefined (reading 'charAt')
TypeError: Cannot read properties of undefined (reading 'charAt')
TypeError: Cannot read properties of undefined (reading 'charAt')
TypeError: Cannot read properties of undefined (reading 'charAt')
TypeError: Cannot read properties of undefined (reading 'charAt')
TypeError: Cannot read properties of undefined (reading 'charAt')
TypeError: Cannot read properties of undefined (reading 'charAt')
TypeError: Cannot read properties of undefined (reading 'charAt')
TypeError: Cannot read properties of undefined (reading 'charAt')
TypeError: Cannot read properties of undefined (reading 'charAt')
TypeError: Cannot read properties of undefined (reading 'charAt')
TypeError: Cannot read properties of undefined (reading 'charAt')
TypeError: Cannot read properties of undefined (reading 'charAt')
TypeError: Cannot read properties of undefined (reading 'charAt')
TypeError: Cannot read properties of undefined (reading 'charAt')
TypeError: Cannot read properties of undefined (reading 'charAt')
TypeError: Cannot read properties of undefined (reading 'charAt')
TypeError: Cannot read properties of undefined (reading 'charAt')
TypeError: Cannot read properties of undefined (reading 'charAt')
TypeError: Cannot read properties of undefined (reading 'charAt')
TypeError: Cannot read properties of undefined (reading 'charAt')
TypeError: Cannot read properties of undefined (reading 'charAt')
TypeError: Cannot read properties of undefined (reading 'charAt')
TypeError: Cannot read properties of undefined (reading 'charAt')
TypeError: Cannot read properties of undefined (reading 'charAt')
TypeError: Cannot read properties of undefined (reading 'charAt')
TypeError: Cannot read properties of undefined (reading 'charAt')
TypeError: Cannot read properties of undefined (reading 'charAt')
TypeError: Cannot read properties of undefined (reading 'charAt')
TypeError: Cannot read properties of undefined (reading 'charAt')
TypeError: Cannot read properties of undefined (reading 'charAt')
TypeError: Cannot read properties of undefined (reading 'charAt')
TypeError: Cannot read properties of undefined (reading 'charAt')
TypeError: Cannot read properties of undefined (reading 'charAt')
TypeError: Cannot read properties of undefined (reading 'charAt')
TypeError: Cannot read properties of undefined (reading 'charAt')
TypeError: Cannot read properties of undefined (reading 'charAt')
TypeError: Cannot read properties of undefined (reading 'charAt')
TypeError: Cannot read properties of undefined (reading 'charAt')
TypeError: Cannot read properties of undefined (reading 'charAt')
TypeError: Cannot read properties of undefined (reading 'charAt')
TypeError: Cannot read properties of undefined (reading 'charAt')
TypeError: Cannot read properties of undefined (reading 'charAt')
TypeError: Cannot read properties of undefined (reading 'charAt')
TypeError: Cannot read properties of undefined (reading 'charAt')
TypeError: Cannot read properties of undefined (reading 'charAt')
TypeError: Cannot read properties of undefined (reading 'charAt')
TypeError: Cannot read properties of undefined (reading 'charAt')
TypeError: Cannot read properties of undefined (reading 'charAt')
TypeError: Cannot read properties of undefined (reading 'charAt')
Error
Error
Error
Error
Error
Error
Error
Error
Error
Error
Error
Error
2022. 11. 28. 오후 5:21:26 plutoTV 192.168.0.64 bbdee46a_9840_4977_8d77_c88658513144 1080p -10000 fail
2022. 11. 28. 오후 5:21:26 plutoTV 192.168.0.64 2c56c2b9_aa3a_409e_a99b_37b01a746233 1080p -10000 fail
2022. 11. 28. 오후 5:21:26 plutoTV 192.168.0.64 36ca3c09_5d0a_4e24_b5f7_5ea059c8788f 1080p -10000 fail
Error: log parse error
Error: log parse error
Error: log parse error
Error: log parse error
Error: log parse error
Error: log parse error
Error: log parse error
Error: log parse error
Error: log parse error
Error: log parse error
Error: log parse error
Error: log parse error
2022. 11. 28. 오후 5:23:11 plutoTV 192.168.0.64 bbdee46a_9840_4977_8d77_c88658513144 1080p -10000 fail
2022. 11. 28. 오후 5:23:11 plutoTV 192.168.0.64 36ca3c09_5d0a_4e24_b5f7_5ea059c8788f 1080p -10000 fail
2022. 11. 28. 오후 5:23:11 plutoTV 192.168.0.64 2c56c2b9_aa3a_409e_a99b_37b01a746233 1080p -10000 fail
Error: log parse
Error: log parse
Error: log parse
Error: log parse
Error: log parse
Error: log parse
Error: log parse
Error: log parse
Error: log parse
Error: log parse
Error: log parse
Error: log parse
2022. 11. 28. 오후 5:23:22 plutoTV 192.168.0.64 2c56c2b9_aa3a_409e_a99b_37b01a746233 1080p -10000 fail
2022. 11. 28. 오후 5:23:22 plutoTV 192.168.0.64 bbdee46a_9840_4977_8d77_c88658513144 1080p -10000 fail
2022. 11. 28. 오후 5:23:22 plutoTV 192.168.0.64 36ca3c09_5d0a_4e24_b5f7_5ea059c8788f 1080p -10000 fail
Error: log parse
Error: log parse
Error: log parse
Error: log parse
Error: log parse
Error: log parse
Error: log parse
Error: log parse
Error: log parse
Error: log parse
Error: log parse
Error: log parse
2022. 11. 28. 오후 5:24:02 plutoTV 192.168.0.64 2c56c2b9_aa3a_409e_a99b_37b01a746233 1080p -10000 fail
2022. 11. 28. 오후 5:24:02 plutoTV 192.168.0.64 36ca3c09_5d0a_4e24_b5f7_5ea059c8788f 1080p -10000 fail
2022. 11. 28. 오후 5:24:02 plutoTV 192.168.0.64 bbdee46a_9840_4977_8d77_c88658513144 1080p -10000 fail
Error: log parse
Error: log parse
Error: log parse
Error: log parse
Error: log parse
Error: log parse
Error: log parse
Error: log parse
Error: log parse
Error: log parse
Error: log parse
Error: log parse
2022. 11. 30. 오후 2:13:56 plutoTV 192.168.0.64 2c56c2b9_aa3a_409e_a99b_37b01a746233 1080p  success
2022. 11. 30. 오후 2:13:56 plutoTV 192.168.0.64 36ca3c09_5d0a_4e24_b5f7_5ea059c8788f 1080p  success
2022. 11. 30. 오후 2:13:56 plutoTV 192.168.0.64 bbdee46a_9840_4977_8d77_c88658513144 1080p  success
Error: log parse
Error: log parse
Error: log parse
Error: log parse
Error: log parse
Error: log parse
Error: log parse
Error: log parse
Error: log parse
Error: log parse
Error: log parse
Error: log parse
2022. 11. 30. 오후 2:30:34 plutoTV 192.168.0.64 2c56c2b9_aa3a_409e_a99b_37b01a746233 1080p  success
2022. 11. 30. 오후 2:30:34 plutoTV 192.168.0.64 bbdee46a_9840_4977_8d77_c88658513144 1080p  success
2022. 11. 30. 오후 2:30:34 plutoTV 192.168.0.64 36ca3c09_5d0a_4e24_b5f7_5ea059c8788f 1080p  success
Error: log parse
Error: log parse
Error: log parse
Error: log parse
Error: log parse
Error: log parse
Error: log parse
Error: log parse
Error: log parse
Error: log parse
Error: log parse
Error: log parse
2022. 11. 30. 오후 2:31:06 plutoTV 192.168.0.64 bbdee46a_9840_4977_8d77_c88658513144 1080p  success
2022. 11. 30. 오후 2:31:06 plutoTV 192.168.0.64 2c56c2b9_aa3a_409e_a99b_37b01a746233 1080p  success
2022. 11. 30. 오후 2:31:06 plutoTV 192.168.0.64 36ca3c09_5d0a_4e24_b5f7_5ea059c8788f 1080p  success
Error: log parse
Error: log parse
Error: log parse
Error: log parse
Error: log parse
Error: log parse
Error: log parse
Error: log parse
Error: log parse
Error: log parse
Error: log parse
Error: log parse
Error: log parse
Error: log parse
Error: log parse
Error: log parse
Error: log parse
Error: log parse
Error: log parse
Error: log parse
Error: log parse
Error: log parse
Error: log parse
Error: log parse
Error: log parse
Error: log parse
Error: log parse
Error: log parse
Error: log parse
Error: log parse
Error: log parse
Error: log parse
Error: log parse
Error: log parse
Error: log parse
Error: log parse
Error: log parse
Error: log parse
Error: log parse
Error: log parse
Error: log parse
Error: log parse
Error: log parse
Error: log parse
Error: log parse
Error: log parse
Error: log parse
Error: log parse
Error: log parse
Error: log parse
Error: log parse
Error: log parse
Error: log parse
Error: log parse
Error: log parse
Error: log parse
Error: log parse
Error: log parse
Error: log parse
Error: log parse
Error: log parse
Error: log parse
Error: log parse
Error: log parse
Error: log parse
Error: log parse
Error: log parse
Error: log parse
Error: log parse
Error: log parse
Error: log parse
Error: log parse
Error: log parse
Error: log parse
Error: log parse
Error: log parse
Error: log parse
Error: log parse
Error: log parse
Error: log parse
Error: log parse
Error: log parse
Error: log parse
Error: log parse
Error: log parse
Error: log parse
Error: log parse
Error: log parse
Error: log parse
Error: log parse
Error: log parse
Error: log parse
Error: log parse
Error: log parse
Error: log parse
Error: log parse
Error: log parse
Error: log parse
Error: log parse
Error: log parse
Error: log parse
Error: log parse
Error: log parse
Error: log parse
Error: log parse
Error: log parse
Error: log parse
Error: log parse
Error: log parse
Error: log parse
Error: log parse
Error: log parse
Error: log parse
Error: log parse
Error: log parse
Error: log parse
Error: log parse
Error: log parse
Error: log parse
Error: log parse
Error: log parse
Error: log parse
Error: log parse
Error: log parse
Error: log parse
Error: log parse
Error: log parse
Error: log parse
Error: log parse
Error: log parse
Error: log parse
Error: log parse
Error: log parse
Error: log parse
Error: log parse
Error: log parse
Error: log parse
Error: log parse
Error: log parse
Error: log parse
Error: log parse
Error: log parse
Error: log parse
Error: log parse
Error: log parse
Error: log parse
Error: log parse
Error: log parse
Error: log parse
Error: log parse
Error: log parse
Error: log parse
Error: log parse
Error: log parse
Error: log parse
Error: log parse
Error: log parse
Error: log parse
Error: log parse
Error: log parse
Error: log parse
Error: log parse
Error: log parse
Error: log parse
Error: log parse
Error: log parse
Error: log parse
Error: log parse
Error: log parse
Error: log parse
Error: log parse
Error: log parse
Error: log parse
Error: log parse
Error: log parse
Error: log parse
Error: log parse
Error: log parse
Error: log parse
Error: log parse
Error: log parse
Error: log parse
Error: log parse
Error: log parse
Error: log parse
Error: log parse
Error: log parse
Error: log parse
Error: log parse
Error: log parse
Error: log parse
Error: log parse
Error: log parse
Error: log parse
Error: log parse
2022. 11. 30. 오후 5:09:17 plutoTV 192.168.0.64 2c56c2b9_aa3a_409e_a99b_37b01a746233 1080p -179917 fail
Error: log parse
Error: log parse
Error: log parse
Error: log parse
Error: log parse
Error: log parse
Error: log parse
Error: log parse
2022. 11. 30. 오후 5:09:18 plutoTV 192.168.0.64 2c56c2b9_aa3a_409e_a99b_37b01a746233 1080p -179917 fail
Error: log parse
Error: log parse
Error: log parse
Error: log parse
Error: log parse
Error: log parse
Error: log parse
Error: log parse
2022. 11. 30. 오후 5:09:19 plutoTV 192.168.0.64 2c56c2b9_aa3a_409e_a99b_37b01a746233 1080p -179917 fail
Error: log parse
Error: log parse
Error: log parse
Error: log parse
Error: log parse
Error: log parse
Error: log parse
Error: log parse
2022. 11. 30. 오후 5:09:20 plutoTV 192.168.0.64 2c56c2b9_aa3a_409e_a99b_37b01a746233 1080p -179917 fail
Error: log parse
Error: log parse
Error: log parse
Error: log parse
Error: log parse
Error: log parse
Error: log parse
Error: log parse
2022. 11. 30. 오후 5:09:21 plutoTV 192.168.0.64 2c56c2b9_aa3a_409e_a99b_37b01a746233 1080p -179917 fail
Error: log parse
Error: log parse
Error: log parse
Error: log parse
Error: log parse
Error: log parse
Error: log parse
Error: log parse
2022. 11. 30. 오후 5:09:22 plutoTV 192.168.0.64 2c56c2b9_aa3a_409e_a99b_37b01a746233 1080p -179917 fail
Error: log parse
Error: log parse
Error: log parse
Error: log parse
Error: log parse
Error: log parse
Error: log parse
Error: log parse
2022. 11. 30. 오후 5:09:23 plutoTV 192.168.0.64 2c56c2b9_aa3a_409e_a99b_37b01a746233 1080p -179917 fail
Error: log parse
Error: log parse
Error: log parse
Error: log parse
Error: log parse
Error: log parse
Error: log parse
Error: log parse
2022. 11. 30. 오후 5:09:24 plutoTV 192.168.0.64 2c56c2b9_aa3a_409e_a99b_37b01a746233 1080p -179917 fail
Error: log parse
Error: log parse
Error: log parse
Error: log parse
Error: log parse
Error: log parse
Error: log parse
Error: log parse
2022. 11. 30. 오후 5:09:25 plutoTV 192.168.0.64 2c56c2b9_aa3a_409e_a99b_37b01a746233 1080p -179917 fail
Error: log parse
Error: log parse
Error: log parse
Error: log parse
Error: log parse
Error: log parse
Error: log parse
Error: log parse
2022. 11. 30. 오후 5:09:26 plutoTV 192.168.0.64 2c56c2b9_aa3a_409e_a99b_37b01a746233 1080p -179917 fail
Error: log parse
Error: log parse
Error: log parse
Error: log parse
Error: log parse
Error: log parse
Error: log parse
Error: log parse
2022. 11. 30. 오후 5:09:27 plutoTV 192.168.0.64 2c56c2b9_aa3a_409e_a99b_37b01a746233 1080p -179917 fail
Error: log parse
Error: log parse
Error: log parse
Error: log parse
Error: log parse
Error: log parse
Error: log parse
Error: log parse
2022. 11. 30. 오후 5:09:28 plutoTV 192.168.0.64 2c56c2b9_aa3a_409e_a99b_37b01a746233 1080p -179917 fail
Error: log parse
Error: log parse
Error: log parse
Error: log parse
Error: log parse
Error: log parse
Error: log parse
Error: log parse
2022. 11. 30. 오후 5:09:29 plutoTV 192.168.0.64 2c56c2b9_aa3a_409e_a99b_37b01a746233 1080p -179917 fail
Error: log parse
Error: log parse
Error: log parse
Error: log parse
Error: log parse
Error: log parse
Error: log parse
Error: log parse
2022. 11. 30. 오후 5:09:30 plutoTV 192.168.0.64 2c56c2b9_aa3a_409e_a99b_37b01a746233 1080p -179917 fail
Error: log parse
Error: log parse
Error: log parse
Error: log parse
Error: log parse
Error: log parse
Error: log parse
Error: log parse
2022. 11. 30. 오후 5:09:31 plutoTV 192.168.0.64 2c56c2b9_aa3a_409e_a99b_37b01a746233 1080p -179917 fail
Error: log parse
Error: log parse
Error: log parse
Error: log parse
Error: log parse
Error: log parse
Error: log parse
Error: log parse
2022. 11. 30. 오후 5:09:32 plutoTV 192.168.0.64 2c56c2b9_aa3a_409e_a99b_37b01a746233 1080p -179917 fail
Error: log parse
Error: log parse
Error: log parse
Error: log parse
Error: log parse
Error: log parse
Error: log parse
Error: log parse
2022. 11. 30. 오후 5:09:33 plutoTV 192.168.0.64 2c56c2b9_aa3a_409e_a99b_37b01a746233 1080p -179917 fail
Error: log parse
Error: log parse
Error: log parse
Error: log parse
Error: log parse
Error: log parse
Error: log parse
Error: log parse
2022. 11. 30. 오후 5:09:34 plutoTV 192.168.0.64 2c56c2b9_aa3a_409e_a99b_37b01a746233 1080p -179917 fail
Error: log parse
Error: log parse
Error: log parse
Error: log parse
Error: log parse
Error: log parse
Error: log parse
Error: log parse
2022. 11. 30. 오후 5:09:35 plutoTV 192.168.0.64 2c56c2b9_aa3a_409e_a99b_37b01a746233 1080p -179917 fail
Error: log parse
Error: log parse
Error: log parse
Error: log parse
Error: log parse
Error: log parse
Error: log parse
Error: log parse
2022. 11. 30. 오후 5:09:36 plutoTV 192.168.0.64 2c56c2b9_aa3a_409e_a99b_37b01a746233 1080p -179917 fail
Error: log parse
Error: log parse
Error: log parse
Error: log parse
Error: log parse
Error: log parse
Error: log parse
Error: log parse
2022. 11. 30. 오후 5:09:37 plutoTV 192.168.0.64 2c56c2b9_aa3a_409e_a99b_37b01a746233 1080p -179917 fail
Error: log parse
Error: log parse
Error: log parse
Error: log parse
Error: log parse
Error: log parse
Error: log parse
Error: log parse
2022. 11. 30. 오후 5:09:38 plutoTV 192.168.0.64 2c56c2b9_aa3a_409e_a99b_37b01a746233 1080p -179917 fail
Error: log parse
Error: log parse
Error: log parse
Error: log parse
Error: log parse
Error: log parse
Error: log parse
Error: log parse
2022. 11. 30. 오후 5:09:39 plutoTV 192.168.0.64 2c56c2b9_aa3a_409e_a99b_37b01a746233 1080p -179917 fail
Error: log parse
Error: log parse
Error: log parse
Error: log parse
Error: log parse
Error: log parse
Error: log parse
Error: log parse
2022. 11. 30. 오후 5:09:40 plutoTV 192.168.0.64 2c56c2b9_aa3a_409e_a99b_37b01a746233 1080p -179917 fail
Error: log parse
Error: log parse
Error: log parse
Error: log parse
Error: log parse
Error: log parse
Error: log parse
Error: log parse
2022. 11. 30. 오후 5:09:41 plutoTV 192.168.0.64 2c56c2b9_aa3a_409e_a99b_37b01a746233 1080p -179917 fail
Error: log parse
Error: log parse
Error: log parse
Error: log parse
Error: log parse
Error: log parse
Error: log parse
Error: log parse
2022. 11. 30. 오후 5:09:42 plutoTV 192.168.0.64 2c56c2b9_aa3a_409e_a99b_37b01a746233 1080p -179917 fail
Error: log parse
Error: log parse
Error: log parse
Error: log parse
Error: log parse
Error: log parse
Error: log parse
Error: log parse
2022. 11. 30. 오후 5:09:43 plutoTV 192.168.0.64 2c56c2b9_aa3a_409e_a99b_37b01a746233 1080p -179917 fail
Error: log parse
Error: log parse
Error: log parse
Error: log parse
Error: log parse
Error: log parse
Error: log parse
Error: log parse
2022. 11. 30. 오후 5:09:44 plutoTV 192.168.0.64 2c56c2b9_aa3a_409e_a99b_37b01a746233 1080p -179917 fail
Error: log parse
Error: log parse
Error: log parse
Error: log parse
Error: log parse
Error: log parse
Error: log parse
Error: log parse
2022. 11. 30. 오후 5:09:45 plutoTV 192.168.0.64 2c56c2b9_aa3a_409e_a99b_37b01a746233 1080p -179917 fail
Error: log parse
Error: log parse
Error: log parse
Error: log parse
Error: log parse
Error: log parse
Error: log parse
Error: log parse
2022. 11. 30. 오후 5:09:46 plutoTV 192.168.0.64 2c56c2b9_aa3a_409e_a99b_37b01a746233 1080p -179917 fail
Error: log parse
Error: log parse
Error: log parse
Error: log parse
Error: log parse
Error: log parse
Error: log parse
Error: log parse
2022. 11. 30. 오후 5:09:47 plutoTV 192.168.0.64 2c56c2b9_aa3a_409e_a99b_37b01a746233 1080p -179917 fail
Error: log parse
Error: log parse
Error: log parse
Error: log parse
Error: log parse
Error: log parse
Error: log parse
Error: log parse
2022. 11. 30. 오후 5:09:48 plutoTV 192.168.0.64 2c56c2b9_aa3a_409e_a99b_37b01a746233 1080p -179917 fail
Error: log parse
Error: log parse
Error: log parse
Error: log parse
Error: log parse
Error: log parse
Error: log parse
Error: log parse
2022. 11. 30. 오후 5:09:49 plutoTV 192.168.0.64 2c56c2b9_aa3a_409e_a99b_37b01a746233 1080p -179917 fail
Error: log parse
Error: log parse
Error: log parse
Error: log parse
Error: log parse
Error: log parse
Error: log parse
Error: log parse
2022. 11. 30. 오후 5:09:50 plutoTV 192.168.0.64 2c56c2b9_aa3a_409e_a99b_37b01a746233 1080p -179917 fail
Error: log parse
Error: log parse
Error: log parse
Error: log parse
Error: log parse
Error: log parse
Error: log parse
Error: log parse
2022. 11. 30. 오후 5:09:51 plutoTV 192.168.0.64 2c56c2b9_aa3a_409e_a99b_37b01a746233 1080p -179917 fail
Error: log parse
Error: log parse
Error: log parse
Error: log parse
Error: log parse
Error: log parse
Error: log parse
Error: log parse
2022. 11. 30. 오후 5:09:52 plutoTV 192.168.0.64 2c56c2b9_aa3a_409e_a99b_37b01a746233 1080p -179917 fail
Error: log parse
Error: log parse
Error: log parse
Error: log parse
Error: log parse
Error: log parse
Error: log parse
Error: log parse
2022. 11. 30. 오후 5:09:53 plutoTV 192.168.0.64 2c56c2b9_aa3a_409e_a99b_37b01a746233 1080p -179917 fail
Error: log parse
Error: log parse
Error: log parse
Error: log parse
Error: log parse
Error: log parse
Error: log parse
Error: log parse
2022. 11. 30. 오후 5:09:54 plutoTV 192.168.0.64 2c56c2b9_aa3a_409e_a99b_37b01a746233 1080p -179917 fail
Error: log parse
Error: log parse
Error: log parse
Error: log parse
Error: log parse
Error: log parse
Error: log parse
Error: log parse
2022. 11. 30. 오후 5:09:55 plutoTV 192.168.0.64 2c56c2b9_aa3a_409e_a99b_37b01a746233 1080p -179917 fail
Error: log parse
Error: log parse
Error: log parse
Error: log parse
Error: log parse
Error: log parse
Error: log parse
Error: log parse
2022. 11. 30. 오후 5:09:56 plutoTV 192.168.0.64 2c56c2b9_aa3a_409e_a99b_37b01a746233 1080p -179917 fail
Error: log parse
Error: log parse
Error: log parse
Error: log parse
Error: log parse
Error: log parse
Error: log parse
Error: log parse
2022. 11. 30. 오후 5:09:57 plutoTV 192.168.0.64 2c56c2b9_aa3a_409e_a99b_37b01a746233 1080p -179917 fail
Error: log parse
Error: log parse
Error: log parse
Error: log parse
Error: log parse
Error: log parse
Error: log parse
Error: log parse
2022. 11. 30. 오후 5:09:58 plutoTV 192.168.0.64 2c56c2b9_aa3a_409e_a99b_37b01a746233 1080p -179917 fail
Error: log parse
Error: log parse
Error: log parse
Error: log parse
Error: log parse
Error: log parse
Error: log parse
Error: log parse
2022. 11. 30. 오후 5:09:59 plutoTV 192.168.0.64 2c56c2b9_aa3a_409e_a99b_37b01a746233 1080p -179917 fail
Error: log parse
Error: log parse
Error: log parse
Error: log parse
Error: log parse
Error: log parse
Error: log parse
Error: log parse
2022. 11. 30. 오후 5:10:00 plutoTV 192.168.0.64 2c56c2b9_aa3a_409e_a99b_37b01a746233 1080p -179917 fail
Error: log parse
Error: log parse
Error: log parse
Error: log parse
Error: log parse
Error: log parse
Error: log parse
Error: log parse
2022. 11. 30. 오후 5:10:01 plutoTV 192.168.0.64 2c56c2b9_aa3a_409e_a99b_37b01a746233 1080p -179917 fail
Error: log parse
Error: log parse
Error: log parse
Error: log parse
Error: log parse
Error: log parse
Error: log parse
Error: log parse
2022. 11. 30. 오후 5:10:02 plutoTV 192.168.0.64 2c56c2b9_aa3a_409e_a99b_37b01a746233 1080p -179917 fail
2022. 11. 30. 오후 5:12:24 plutoTV 192.168.0.64 2c56c2b9_aa3a_409e_a99b_37b01a746233 1080p -179917 fail
2022. 11. 30. 오후 5:12:25 plutoTV 192.168.0.64 2c56c2b9_aa3a_409e_a99b_37b01a746233 1080p -179917 fail
2022. 11. 30. 오후 5:12:26 plutoTV 192.168.0.64 2c56c2b9_aa3a_409e_a99b_37b01a746233 1080p -179917 fail
2022. 11. 30. 오후 5:12:27 plutoTV 192.168.0.64 2c56c2b9_aa3a_409e_a99b_37b01a746233 1080p -179917 fail
2022. 11. 30. 오후 5:12:28 plutoTV 192.168.0.64 2c56c2b9_aa3a_409e_a99b_37b01a746233 1080p -179917 fail
2022. 11. 30. 오후 5:12:29 plutoTV 192.168.0.64 2c56c2b9_aa3a_409e_a99b_37b01a746233 1080p -179917 fail
2022. 11. 30. 오후 5:12:30 plutoTV 192.168.0.64 2c56c2b9_aa3a_409e_a99b_37b01a746233 1080p -179917 fail
2022. 11. 30. 오후 5:12:31 plutoTV 192.168.0.64 2c56c2b9_aa3a_409e_a99b_37b01a746233 1080p -179917 fail
2022. 11. 30. 오후 5:12:32 plutoTV 192.168.0.64 2c56c2b9_aa3a_409e_a99b_37b01a746233 1080p -179917 fail
2022. 11. 30. 오후 5:12:33 plutoTV 192.168.0.64 2c56c2b9_aa3a_409e_a99b_37b01a746233 1080p -179917 fail
2022. 11. 30. 오후 5:12:34 plutoTV 192.168.0.64 2c56c2b9_aa3a_409e_a99b_37b01a746233 1080p -179917 fail
2022. 11. 30. 오후 5:12:35 plutoTV 192.168.0.64 2c56c2b9_aa3a_409e_a99b_37b01a746233 1080p -179917 fail
2022. 11. 30. 오후 5:12:36 plutoTV 192.168.0.64 2c56c2b9_aa3a_409e_a99b_37b01a746233 1080p -179917 fail
2022. 11. 30. 오후 5:12:37 plutoTV 192.168.0.64 2c56c2b9_aa3a_409e_a99b_37b01a746233 1080p -179917 fail
2022. 12. 9. 오후 1:59:46 CJENM plutoTV  Main nana 2c56c2b9_aa3a_409e_a99b_37b01a746233 1080p 21007057000 fail B120214099_D1_1065150 B120214099_D1_1065150
2022. 12. 9. 오후 1:59:46 CJENM plutoTV  Main nana bbdee46a_9840_4977_8d77_c88658513144 1080p 21007057000 fail B120214099_D1_1065150 B120214099_D1_1065150
2022. 12. 9. 오후 1:59:48 CJENM plutoTV  Main nana 36ca3c09_5d0a_4e24_b5f7_5ea059c8788f 1080p 21007057000 fail B120214099_D1_1065150 B120214099_D1_1065150
2022. 12. 9. 오후 2:04:16 CJENM plutoTV  Main nana 2c56c2b9_aa3a_409e_a99b_37b01a746233 1080p 21007057000 fail B120214099_D1_1065150 B120214099_D1_1065150
2022. 12. 9. 오후 2:37:40 CJENM plutoTV  Main nana 36ca3c09_5d0a_4e24_b5f7_5ea059c8788f 1080p 21007057000 fail B120214099_D1_1065150 B120214099_D1_1065150
2022. 12. 9. 오후 2:37:40 CJENM plutoTV  Main nana 2c56c2b9_aa3a_409e_a99b_37b01a746233 1080p 21007057000 fail B120214099_D1_1065150 B120214099_D1_1065150
2022. 12. 9. 오후 2:37:40 CJENM plutoTV  Main nana bbdee46a_9840_4977_8d77_c88658513144 1080p 21007057000 fail B120214099_D1_1065150 B120214099_D1_1065150
2022. 12. 9. 오후 2:38:25 CJENM plutoTV  Main test_yhp bbdee46a_9840_4977_8d77_c88658513144 1080p 21007057000 fail B120214099_D1_1065150 B120214099_D1_1065150
2022. 12. 9. 오후 2:38:25 CJENM plutoTV  Main test_yhp 2c56c2b9_aa3a_409e_a99b_37b01a746233 1080p 21007057000 fail B120214099_D1_1065150 B120214099_D1_1065150
2022. 12. 9. 오후 2:38:25 CJENM plutoTV  Main test_yhp 36ca3c09_5d0a_4e24_b5f7_5ea059c8788f 1080p 21007057000 fail B120214099_D1_1065150 B120214099_D1_1065150
2022. 12. 9. 오후 2:38:50 CJENM plutoTV  Main test_yhp 36ca3c09_5d0a_4e24_b5f7_5ea059c8788f 1080p 21007057000 fail B120214099_D1_1065150 B120214099_D1_1065150
2022. 12. 9. 오후 2:38:50 CJENM plutoTV  Main test_yhp 2c56c2b9_aa3a_409e_a99b_37b01a746233 1080p 21007057000 fail B120214099_D1_1065150 B120214099_D1_1065150
2022. 12. 9. 오후 2:52:44 CJENM plutoTV  Main test_yhp bbdee46a_9840_4977_8d77_c88658513144 1080p 21007057000 fail 21007057000 B120214099_D1_1065150 B120214099_D1_1065150
2022. 12. 9. 오후 2:52:44 CJENM plutoTV  Main test_yhp 36ca3c09_5d0a_4e24_b5f7_5ea059c8788f 1080p 21007057000 fail 21007057000 B120214099_D1_1065150 B120214099_D1_1065150
2022. 12. 9. 오후 2:52:44 CJENM plutoTV  Main test_yhp 2c56c2b9_aa3a_409e_a99b_37b01a746233 1080p 21007057000 fail 21007057000 B120214099_D1_1065150 B120214099_D1_1065150
2022. 12. 9. 오후 2:53:11 CJENM plutoTV  Main test_yhp bbdee46a_9840_4977_8d77_c88658513144 1080p 21007057000 fail 21007057000 B120214099_D1_1065150 B120214099_D1_1065150
2022. 12. 9. 오후 2:53:11 CJENM plutoTV  Main test_yhp 2c56c2b9_aa3a_409e_a99b_37b01a746233 1080p 21007057000 fail 21007057000 B120214099_D1_1065150 B120214099_D1_1065150
2022. 12. 9. 오후 2:53:11 CJENM plutoTV  Main test_yhp 36ca3c09_5d0a_4e24_b5f7_5ea059c8788f 1080p 21007057000 fail 21007057000 B120214099_D1_1065150 B120214099_D1_1065150
2022. 12. 9. 오후 2:53:22 CJENM plutoTV  Main test_yhp bbdee46a_9840_4977_8d77_c88658513144 1080p 21007057000 fail 21007057000 B120214099_D1_1065150 B120214099_D1_1065150
2022. 12. 9. 오후 2:53:22 CJENM plutoTV  Main test_yhp 2c56c2b9_aa3a_409e_a99b_37b01a746233 1080p 21007057000 fail 21007057000 B120214099_D1_1065150 B120214099_D1_1065150
2022. 12. 9. 오후 2:53:22 CJENM plutoTV  Main test_yhp 36ca3c09_5d0a_4e24_b5f7_5ea059c8788f 1080p 21007057000 fail 21007057000 B120214099_D1_1065150 B120214099_D1_1065150
2022. 12. 9. 오후 2:53:32 CJENM plutoTV  Main test_yhp bbdee46a_9840_4977_8d77_c88658513144 1080p 21007057000 fail 21007057000 B120214099_D1_1065150 B120214099_D1_1065150
2022. 12. 9. 오후 2:53:32 CJENM plutoTV  Main test_yhp 2c56c2b9_aa3a_409e_a99b_37b01a746233 1080p 21007057000 fail 21007057000 B120214099_D1_1065150 B120214099_D1_1065150
2022. 12. 9. 오후 2:53:32 CJENM plutoTV  Main test_yhp 36ca3c09_5d0a_4e24_b5f7_5ea059c8788f 1080p 21007057000 fail 21007057000 B120214099_D1_1065150 B120214099_D1_1065150
2022. 12. 9. 오후 2:53:42 CJENM plutoTV  Main test_yhp bbdee46a_9840_4977_8d77_c88658513144 1080p 21007057000 fail 21007057000 B120214099_D1_1065150 B120214099_D1_1065150
2022. 12. 9. 오후 2:53:42 CJENM plutoTV  Main test_yhp 36ca3c09_5d0a_4e24_b5f7_5ea059c8788f 1080p 21007057000 fail 21007057000 B120214099_D1_1065150 B120214099_D1_1065150
2022. 12. 9. 오후 2:53:42 CJENM plutoTV  Main test_yhp 2c56c2b9_aa3a_409e_a99b_37b01a746233 1080p 21007057000 fail 21007057000 B120214099_D1_1065150 B120214099_D1_1065150
